* About to connect() to amdrewriter.amazon.com port 80 (#0)
*   Trying 72.21.211.141...
* connected
* Connected to amdrewriter.amazon.com (72.21.211.141) port 80 (#0)
> GET /zcd-01.s3-external-1.amazonaws.com/A2Y1DD0LUGFAML%252FXR4tJbM%252Fknp30lALVCx8YBdy%252B4AiiXCBFhkYigRQKVTC4Zv2CNisydzemMYffFhnLRk1SKwgTnkz%250A8l6X8fGj5tcL5PyyNb0xzxJGfOVBbtqIOZUJoACu11njr%252FY82O3B1M1GoqSl3p4eDgx%252BdV%252B9jE0X%250AKUVJqprIirpcPBKV3ARTbXvgV1eYlvVjIgryfhDYFBtsF9uwsqWvyORRWzwILg58tanMEaGI9zsI%250ALihywoEdYm3x34%252F0bbDuPMxumAMrsiYlaZOYrjN45DkJ%252FJPpUrKT3kYlrJYyTUOVyji9A%252F0DMF80%250Az1YsD3UemP6p0NFy/1332278722/Tue%252C%252020%2520Mar%25202012%252021%253A25%253A22%2520GMT/attachment%253B%2520filename%253D%252210%2520-%2520What%2520Your%2520Soul%2520Sings%2520%25282006%2520Digital%2520Remaster%2529.mp3%2522/AQoDYXdzELf%252F%252F%252F%252F%252F%252F%252F%252F%252F%252FwEaoAR7SpDEBdt6IAcEUCcjNqN%252FzHMaCp1fA%252B9rVyGrv1Gz3VDmRjArO5fwzh16xaA19%252FvLEnDH5dzuGzLT%252BHrCm4t5ElJqB%252FopYGfOgmcOEJ0CeQzR9yqQ4myCMnD6KzxuBIcmppRhGGhTpVcGBM7LdNt%252BVZ6VUWf9wZfBqpYt5qjBGj1aUIV2x1j4EonLq5VN2mLv6CeejF5YQDy5XIaGlhaQFZc%252BfZv0YrcIoa6OKllkS9psCXfUXzIrdB99kF5b1FK7xqyXBzQfxj3f4neq5kYMvGdIfE8a5cOU5I5dM6RQrUxfnLHL54J7nS%252Bm47J4wp70xQc3ZU%252Fa56pPuVpy7dT8GyWBxNipvPW%252BwShiNsUqL1Oodavy0P5bnzh68kMIblg9o%252BCqQAFSy7LzWFyg99yjkti2hJxY1uTia%252FM166JWik0Io97GUW03u04%252Ba99KKFynDAXB6OO3bo6jZVwKOJ4vxcMuPpQ2wsB%252BsTTLlfnW791rqe8bdW2I2bpmOQ0lHQv5m6sN7RU9dHA6B7c01q1hRJvbSd1iMvb7M910kcsRSqiEKbCBqxLsZOc5PDfMISMFugHL6wg9RQ6bXoqFcHaKfIlQFAh1yAiIYCbcNGmEjBXlvtQQRFZxbiCp68wDK1qHW4EA%252BHWCIw%252B1XbBQ4%252FSn0EGWjVHQEzh0ke6cL30L1K%252FTvklOxkOU2QrHi10ZxlxHwwp3HTz7ykAohM3GZ88%252FINe0oPsE/ASIAJEJXQA2OWAWLGD6Q/J8ajmzjJ%252BoI5jJCfeVXnCvwidRw%253D/10+-+What+Your+Soul+Sings+(2006+Digital+Remaster).mp3? HTTP/1.1
User-Agent: Amazon MP3 Downloader (Clamz 0.5)
Host: amdrewriter.amazon.com
Accept: */*

< HTTP/1.1 200 OK
< Date: Tue, 20 Mar 2012 05:50:52 GMT
< Server: AmazonS3
< x-amz-id-2: clFVkAdqTh1t5zhtugW3Fz1CN2tJC6kCSB+XQHfTcckjjEMkjEfwx7UgJXI+2xMo
< x-amz-request-id: 903C4C0DE35CCE72
< Content-Disposition: attachment; filename="10 - What Your Soul Sings (2006 Digital Remaster).mp3"
< Expires: Tue, 20 Mar 2012 21:25:22 GMT
< Last-Modified: Tue, 20 Mar 2012 05:49:12 GMT
< ETag: "756613aea24d59e258e85791fd93e632"
< Accept-Ranges: bytes
< Content-Type: audio/mpeg
< Content-Length: 13390139
< 
* Connection #0 to host amdrewriter.amazon.com left intact
* Re-using existing connection! (#0) with host (nil)
* Connected to (nil) (72.21.211.141) port 80 (#0)
> GET /zcd-01.s3-external-1.amazonaws.com/A2Y1DD0LUGFAML%252FXR4tJbM%252Fknp30lALVCx8YBdy%252B4AiiXCBFhkYigRQKVTC4Zv2CNisydzemMYffFhnLRk1SKwgTnkz%250A8l6X8fGj5iW3ZYKG7aYREo4CHg0mYt%252BtClICvxfhZfGdKOrzyb18xd3cZuDkFVL2HQgKzyqFjaaf%250AOE7i7dBFSFgnks2S8XIYzkbcvJUM7DdwavZeCD8XhrKAG1n7BFCHJwvR8SOw9BOxyk5yBUWOXy1f%250Alw%252FiaIysXQFF%252FuVH81sfZav9zIPJbUdJDgwT59L0hfujYupyM2toQmYpHsZiAqME7zwDrNeyvlXL%250A0FyASOWMb%252FXtyg65/1332278722/Tue%252C%252020%2520Mar%25202012%252021%253A25%253A22%2520GMT/attachment%253B%2520filename%253D%252211%2520-%2520Future%2520Proof%2520%25282006%2520Digital%2520Remaster%2529.mp3%2522/AQoDYXdzELf%252F%252F%252F%252F%252F%252F%252F%252F%252F%252FwEaoAR7SpDEBdt6IAcEUCcjNqN%252FzHMaCp1fA%252B9rVyGrv1Gz3VDmRjArO5fwzh16xaA19%252FvLEnDH5dzuGzLT%252BHrCm4t5ElJqB%252FopYGfOgmcOEJ0CeQzR9yqQ4myCMnD6KzxuBIcmppRhGGhTpVcGBM7LdNt%252BVZ6VUWf9wZfBqpYt5qjBGj1aUIV2x1j4EonLq5VN2mLv6CeejF5YQDy5XIaGlhaQFZc%252BfZv0YrcIoa6OKllkS9psCXfUXzIrdB99kF5b1FK7xqyXBzQfxj3f4neq5kYMvGdIfE8a5cOU5I5dM6RQrUxfnLHL54J7nS%252Bm47J4wp70xQc3ZU%252Fa56pPuVpy7dT8GyWBxNipvPW%252BwShiNsUqL1Oodavy0P5bnzh68kMIblg9o%252BCqQAFSy7LzWFyg99yjkti2hJxY1uTia%252FM166JWik0Io97GUW03u04%252Ba99KKFynDAXB6OO3bo6jZVwKOJ4vxcMuPpQ2wsB%252BsTTLlfnW791rqe8bdW2I2bpmOQ0lHQv5m6sN7RU9dHA6B7c01q1hRJvbSd1iMvb7M910kcsRSqiEKbCBqxLsZOc5PDfMISMFugHL6wg9RQ6bXoqFcHaKfIlQFAh1yAiIYCbcNGmEjBXlvtQQRFZxbiCp68wDK1qHW4EA%252BHWCIw%252B1XbBQ4%252FSn0EGWjVHQEzh0ke6cL30L1K%252FTvklOxkOU2QrHi10ZxlxHwwp3HTz7ykAohM3GZ88%252FINe0oPsE/ASIAJEJXQA2OWAWLGD6Q/ejSh%252FmISdXWr9jyDRHwWnK8Uro0%253D/11+-+Future+Proof+(2006+Digital+Remaster).mp3? HTTP/1.1
User-Agent: Amazon MP3 Downloader (Clamz 0.5)
Host: amdrewriter.amazon.com
Accept: */*

< HTTP/1.1 200 OK
< Date: Tue, 20 Mar 2012 05:51:05 GMT
< Server: AmazonS3
< x-amz-id-2: 4TqyVzl9h05RuOg8O0nP4gpuMcjAdVEGZpuduhAo0BPrgTRRNcX4pGd1D/an4ce0
< x-amz-request-id: D22F785EA6D28AD7
< Content-Disposition: attachment; filename="11 - Future Proof (2006 Digital Remaster).mp3"
< Expires: Tue, 20 Mar 2012 21:25:22 GMT
< Last-Modified: Tue, 20 Mar 2012 05:49:13 GMT
< ETag: "a24f8f23265311f751721754f86eac82"
< Accept-Ranges: bytes
< Content-Type: audio/mpeg
< Content-Length: 10698111
< 
* Connection #0 to host (nil) left intact
* Re-using existing connection! (#0) with host (nil)
* Connected to (nil) (72.21.211.141) port 80 (#0)
> GET /zcd-01.s3-external-1.amazonaws.com/A2Y1DD0LUGFAML%252FXR4tJbM%252Fknp30lALVCx8YBdy%252B4AiiXCBFhkYigRQKVTC4Zv2CNisydzemMYffFhnLRk1SKwgTnkz%250A8l6X8fGj5r9YkimgQZfKX2ojbjh32rx%252BU4HT1eoY40ev2e00KqOPhEuWM9qzXOpLhpWMDtvvlFFD%250AKoAbxlrxGWCGFRMC7NaDahFX2%252FVL18BvJKVtE6ZXjaxK3uxJcj1KYLdAOvEGkp6HTInXR64%252BF1fm%250A0Q%252FG0IHhB9Do%252ByNeJ40savuxTXAf%252B6eai9%252F%252B%252F2ADyQgOoS6YuxClXKmxNqrAqxymN7SPPc7biune%250AnzIfE%252FTK%252BYYHWmIM/1332278722/Tue%252C%252020%2520Mar%25202012%252021%253A25%253A22%2520GMT/attachment%253B%2520filename%253D%252212%2520-%2520Five%2520Man%2520Army%2520%25282006%2520Digital%2520Remaster%2529.mp3%2522/AQoDYXdzELf%252F%252F%252F%252F%252F%252F%252F%252F%252F%252FwEaoAR7SpDEBdt6IAcEUCcjNqN%252FzHMaCp1fA%252B9rVyGrv1Gz3VDmRjArO5fwzh16xaA19%252FvLEnDH5dzuGzLT%252BHrCm4t5ElJqB%252FopYGfOgmcOEJ0CeQzR9yqQ4myCMnD6KzxuBIcmppRhGGhTpVcGBM7LdNt%252BVZ6VUWf9wZfBqpYt5qjBGj1aUIV2x1j4EonLq5VN2mLv6CeejF5YQDy5XIaGlhaQFZc%252BfZv0YrcIoa6OKllkS9psCXfUXzIrdB99kF5b1FK7xqyXBzQfxj3f4neq5kYMvGdIfE8a5cOU5I5dM6RQrUxfnLHL54J7nS%252Bm47J4wp70xQc3ZU%252Fa56pPuVpy7dT8GyWBxNipvPW%252BwShiNsUqL1Oodavy0P5bnzh68kMIblg9o%252BCqQAFSy7LzWFyg99yjkti2hJxY1uTia%252FM166JWik0Io97GUW03u04%252Ba99KKFynDAXB6OO3bo6jZVwKOJ4vxcMuPpQ2wsB%252BsTTLlfnW791rqe8bdW2I2bpmOQ0lHQv5m6sN7RU9dHA6B7c01q1hRJvbSd1iMvb7M910kcsRSqiEKbCBqxLsZOc5PDfMISMFugHL6wg9RQ6bXoqFcHaKfIlQFAh1yAiIYCbcNGmEjBXlvtQQRFZxbiCp68wDK1qHW4EA%252BHWCIw%252B1XbBQ4%252FSn0EGWjVHQEzh0ke6cL30L1K%252FTvklOxkOU2QrHi10ZxlxHwwp3HTz7ykAohM3GZ88%252FINe0oPsE/ASIAJEJXQA2OWAWLGD6Q/0DSoTDOdGEWy4GlxHGoR9Sj6hc8%253D/12+-+Five+Man+Army+(2006+Digital+Remaster).mp3? HTTP/1.1
User-Agent: Amazon MP3 Downloader (Clamz 0.5)
Host: amdrewriter.amazon.com
Accept: */*

< HTTP/1.1 200 OK
< Date: Tue, 20 Mar 2012 05:51:14 GMT
< Server: AmazonS3
< x-amz-id-2: SYp6yR8HkTHeZe9mOp6mmnimB9Z1ngA+Ifc/K+Dazz7N5qBwUxQHKtOFg2UtD7wa
< x-amz-request-id: 41D658CBD96B6651
< Content-Disposition: attachment; filename="12 - Five Man Army (2006 Digital Remaster).mp3"
< Expires: Tue, 20 Mar 2012 21:25:22 GMT
< Last-Modified: Tue, 20 Mar 2012 05:49:12 GMT
< ETag: "895d59df507ac347cb2e49117c9a7e9d"
< Accept-Ranges: bytes
< Content-Type: audio/mpeg
< Content-Length: 9481934
< 
* Connection #0 to host (nil) left intact
* Re-using existing connection! (#0) with host (nil)
* Connected to (nil) (72.21.211.141) port 80 (#0)
> GET /zcd-01.s3-external-1.amazonaws.com/A2Y1DD0LUGFAML%252FXR4tJbM%252Fknp30lALVCx8YBdy%252B4AiiXCBFhkYigRQKVTC4Zv2CNisydzemMYffFhnLRk1SKwgTnkz%250A8l6X8fGj5kZ3C%252FBqHDoewEg3IsILkVfPpLTRNeOP09oCW2fzx59DCjHWsCSWpPjKI44bjnvVVJqm%250A%252BJUWU6KF%252FWvIeRk6gQXiouRezuRqytg935XrDqcCvKcia3f9hN6cPSF2BphEJ8nXhrgGtgCfevHw%250A0vJ0LjGiZjlhd5PyPPV9eFkgajHHy%252FiONZXia%252BwO0g1XwnRHoKk8c8riYqy8N4s2%252FvlsZVw9AeU8%250AFc1Es8FKPVgAZ9O5/1332278722/Tue%252C%252020%2520Mar%25202012%252021%253A25%253A22%2520GMT/attachment%253B%2520filename%253D%252213%2520-%2520Sly%2520%25282006%2520Digital%2520Remaster%2529.mp3%2522/AQoDYXdzELf%252F%252F%252F%252F%252F%252F%252F%252F%252F%252FwEaoAR7SpDEBdt6IAcEUCcjNqN%252FzHMaCp1fA%252B9rVyGrv1Gz3VDmRjArO5fwzh16xaA19%252FvLEnDH5dzuGzLT%252BHrCm4t5ElJqB%252FopYGfOgmcOEJ0CeQzR9yqQ4myCMnD6KzxuBIcmppRhGGhTpVcGBM7LdNt%252BVZ6VUWf9wZfBqpYt5qjBGj1aUIV2x1j4EonLq5VN2mLv6CeejF5YQDy5XIaGlhaQFZc%252BfZv0YrcIoa6OKllkS9psCXfUXzIrdB99kF5b1FK7xqyXBzQfxj3f4neq5kYMvGdIfE8a5cOU5I5dM6RQrUxfnLHL54J7nS%252Bm47J4wp70xQc3ZU%252Fa56pPuVpy7dT8GyWBxNipvPW%252BwShiNsUqL1Oodavy0P5bnzh68kMIblg9o%252BCqQAFSy7LzWFyg99yjkti2hJxY1uTia%252FM166JWik0Io97GUW03u04%252Ba99KKFynDAXB6OO3bo6jZVwKOJ4vxcMuPpQ2wsB%252BsTTLlfnW791rqe8bdW2I2bpmOQ0lHQv5m6sN7RU9dHA6B7c01q1hRJvbSd1iMvb7M910kcsRSqiEKbCBqxLsZOc5PDfMISMFugHL6wg9RQ6bXoqFcHaKfIlQFAh1yAiIYCbcNGmEjBXlvtQQRFZxbiCp68wDK1qHW4EA%252BHWCIw%252B1XbBQ4%252FSn0EGWjVHQEzh0ke6cL30L1K%252FTvklOxkOU2QrHi10ZxlxHwwp3HTz7ykAohM3GZ88%252FINe0oPsE/ASIAJEJXQA2OWAWLGD6Q/SXo2qYFD6nA%252BHoXte6bXwRpYduA%253D/13+-+Sly+(2006+Digital+Remaster).mp3? HTTP/1.1
User-Agent: Amazon MP3 Downloader (Clamz 0.5)
Host: amdrewriter.amazon.com
Accept: */*

< HTTP/1.1 200 OK
< Date: Tue, 20 Mar 2012 05:51:23 GMT
< Server: AmazonS3
< x-amz-id-2: PChppqTZbazin8xVcyVgQpdlXfsCjMdmM0F2F84L8K8PX/ZnwAEU478WQgsI2kHj
< x-amz-request-id: 94C307BCF85C44DA
< Content-Disposition: attachment; filename="13 - Sly (2006 Digital Remaster).mp3"
< Expires: Tue, 20 Mar 2012 21:25:22 GMT
< Last-Modified: Tue, 20 Mar 2012 05:49:13 GMT
< ETag: "b549e91979a46a6b875a24751cfda5b9"
< Accept-Ranges: bytes
< Content-Type: audio/mpeg
< Content-Length: 9094452
< 
* Connection #0 to host (nil) left intact
* Re-using existing connection! (#0) with host (nil)
* Connected to (nil) (72.21.211.141) port 80 (#0)
> GET /zcd-01.s3-external-1.amazonaws.com/A2Y1DD0LUGFAML%252FXR4tJbM%252Fknp30lALVCx8YBdy%252B4AiiXCBFhkYigRQKVTC4Zv2CNisydzemMYffFhnLRk1SKwgTnkz%250A8l6X8fGj5hl%252BjvmscFU21wxjwmlL73he7Kl3dc9%252FJ9BdVZhX1liouXhWLRDSXQevZagRL3NI9Icg%250AfkUjKu1oAKwHR3G%252F6Yz09N7Goev5V9TrnQCnXmwPDcnwiroJDCsx4SUI777IncJdBlhlD2WMUJuG%250AHEES3XNLA0lUv8HEtX9t2h295Ps%252F%252B9P9a1SNQ8D%252F0JAKECp86GD7lmvQpHukWE8NX6hCXjGW7jBD%250AaMLHoCKui5WOUe4%252F/1332278722/Tue%252C%252020%2520Mar%25202012%252021%253A25%253A22%2520GMT/attachment%253B%2520filename%253D%252214%2520-%2520Live%2520With%2520Me.mp3%2522/AQoDYXdzELf%252F%252F%252F%252F%252F%252F%252F%252F%252F%252FwEaoAR7SpDEBdt6IAcEUCcjNqN%252FzHMaCp1fA%252B9rVyGrv1Gz3VDmRjArO5fwzh16xaA19%252FvLEnDH5dzuGzLT%252BHrCm4t5ElJqB%252FopYGfOgmcOEJ0CeQzR9yqQ4myCMnD6KzxuBIcmppRhGGhTpVcGBM7LdNt%252BVZ6VUWf9wZfBqpYt5qjBGj1aUIV2x1j4EonLq5VN2mLv6CeejF5YQDy5XIaGlhaQFZc%252BfZv0YrcIoa6OKllkS9psCXfUXzIrdB99kF5b1FK7xqyXBzQfxj3f4neq5kYMvGdIfE8a5cOU5I5dM6RQrUxfnLHL54J7nS%252Bm47J4wp70xQc3ZU%252Fa56pPuVpy7dT8GyWBxNipvPW%252BwShiNsUqL1Oodavy0P5bnzh68kMIblg9o%252BCqQAFSy7LzWFyg99yjkti2hJxY1uTia%252FM166JWik0Io97GUW03u04%252Ba99KKFynDAXB6OO3bo6jZVwKOJ4vxcMuPpQ2wsB%252BsTTLlfnW791rqe8bdW2I2bpmOQ0lHQv5m6sN7RU9dHA6B7c01q1hRJvbSd1iMvb7M910kcsRSqiEKbCBqxLsZOc5PDfMISMFugHL6wg9RQ6bXoqFcHaKfIlQFAh1yAiIYCbcNGmEjBXlvtQQRFZxbiCp68wDK1qHW4EA%252BHWCIw%252B1XbBQ4%252FSn0EGWjVHQEzh0ke6cL30L1K%252FTvklOxkOU2QrHi10ZxlxHwwp3HTz7ykAohM3GZ88%252FINe0oPsE/ASIAJEJXQA2OWAWLGD6Q/iIo6kqYzx9Tc9Z1hQcIqrCSbhZE%253D/14+-+Live+With+Me.mp3? HTTP/1.1
User-Agent: Amazon MP3 Downloader (Clamz 0.5)
Host: amdrewriter.amazon.com
Accept: */*

< HTTP/1.1 200 OK
< Date: Tue, 20 Mar 2012 05:51:30 GMT
< Server: AmazonS3
< x-amz-id-2: X2yijkjBw15TEFlNZ5Vz37yQa1/dEAA52XA3p775fOu+D1btlc9YHKbOOx/XaIzl
< x-amz-request-id: 7F6D605E8B252ACE
< Content-Disposition: attachment; filename="14 - Live With Me.mp3"
< Expires: Tue, 20 Mar 2012 21:25:22 GMT
< Last-Modified: Tue, 20 Mar 2012 05:49:12 GMT
< ETag: "6989dabce22fdcaada7ff6fc55149c7d"
< Accept-Ranges: bytes
< Content-Type: audio/mpeg
< Content-Length: 9155296
< 
* Connection #0 to host (nil) left intact
* Re-using existing connection! (#0) with host (nil)
* Connected to (nil) (72.21.211.141) port 80 (#0)
> GET /zcd-01.s3-external-1.amazonaws.com/A2Y1DD0LUGFAML%252FXR4tJbM%252Fknp30lALVCx8YBdy%252B4AiiXCBFhkYigRQKVTC4Zv2CNisydzemMYffFhnLRk1SKwgTnkz%250A8l6X8fGj5gvHEYXGoyT%252FZywNKF0tN42tq8T8osP9R0WBjueTUBut4T1uaeYhTMonaEgrK7USTCza%250ACzM%252FhlpxqWd2CbfPljKw5dXMMsIeZMFA5miQ72nCsbpSt8HxZtKJFeuvYgdfnWToe16Dq%252B%252Bz0Iq1%250A6yGr8e0zkulQ5Ny%252FSN0jAH8SWe0gIcjM2KVr1%252BmwAHTnXVLgAvo04eb8iYai%252FkB79567wRD3oSVV%250AKcAawAF6AjfzeQPG/1332278722/Tue%252C%252020%2520Mar%25202012%252021%253A25%253A22%2520GMT/attachment%253B%2520filename%253D%252201%2520-%2520Safe%2520From%2520Harm%2520%25282006%2520Digital%2520Remaster%2529.mp3%2522/AQoDYXdzELf%252F%252F%252F%252F%252F%252F%252F%252F%252F%252FwEaoAR7SpDEBdt6IAcEUCcjNqN%252FzHMaCp1fA%252B9rVyGrv1Gz3VDmRjArO5fwzh16xaA19%252FvLEnDH5dzuGzLT%252BHrCm4t5ElJqB%252FopYGfOgmcOEJ0CeQzR9yqQ4myCMnD6KzxuBIcmppRhGGhTpVcGBM7LdNt%252BVZ6VUWf9wZfBqpYt5qjBGj1aUIV2x1j4EonLq5VN2mLv6CeejF5YQDy5XIaGlhaQFZc%252BfZv0YrcIoa6OKllkS9psCXfUXzIrdB99kF5b1FK7xqyXBzQfxj3f4neq5kYMvGdIfE8a5cOU5I5dM6RQrUxfnLHL54J7nS%252Bm47J4wp70xQc3ZU%252Fa56pPuVpy7dT8GyWBxNipvPW%252BwShiNsUqL1Oodavy0P5bnzh68kMIblg9o%252BCqQAFSy7LzWFyg99yjkti2hJxY1uTia%252FM166JWik0Io97GUW03u04%252Ba99KKFynDAXB6OO3bo6jZVwKOJ4vxcMuPpQ2wsB%252BsTTLlfnW791rqe8bdW2I2bpmOQ0lHQv5m6sN7RU9dHA6B7c01q1hRJvbSd1iMvb7M910kcsRSqiEKbCBqxLsZOc5PDfMISMFugHL6wg9RQ6bXoqFcHaKfIlQFAh1yAiIYCbcNGmEjBXlvtQQRFZxbiCp68wDK1qHW4EA%252BHWCIw%252B1XbBQ4%252FSn0EGWjVHQEzh0ke6cL30L1K%252FTvklOxkOU2QrHi10ZxlxHwwp3HTz7ykAohM3GZ88%252FINe0oPsE/ASIAJEJXQA2OWAWLGD6Q/uf5e3msO%252Fsu4wevcuQ5zcikrIW8%253D/01+-+Safe+From+Harm+(2006+Digital+Remaster).mp3? HTTP/1.1
User-Agent: Amazon MP3 Downloader (Clamz 0.5)
Host: amdrewriter.amazon.com
Accept: */*

< HTTP/1.1 200 OK
< Date: Tue, 20 Mar 2012 05:51:38 GMT
< Server: AmazonS3
< x-amz-id-2: LfNh8Qx5m3K5NLTogcvuvfkJ1IT3ND/A/jvLrTY9m8/bHroh3fbb+zdhh+n5DhRt
< x-amz-request-id: 28A6C530B0CDB56E
< Content-Disposition: attachment; filename="01 - Safe From Harm (2006 Digital Remaster).mp3"
< Expires: Tue, 20 Mar 2012 21:25:22 GMT
< Last-Modified: Tue, 20 Mar 2012 05:49:13 GMT
< ETag: "08dc87c974377ced44ff9a937c26e184"
< Accept-Ranges: bytes
< Content-Type: audio/mpeg
< Content-Length: 10370273
< 
* Connection #0 to host (nil) left intact
* Re-using existing connection! (#0) with host (nil)
* Connected to (nil) (72.21.211.141) port 80 (#0)
> GET /zcd-01.s3-external-1.amazonaws.com/A2Y1DD0LUGFAML%252FXR4tJbM%252Fknp30lALVCx8YBdy%252B4AiiXCBFhkYigRQKVTC4Zv2CNisydzemMYffFhnLRk1SKwgTnkz%250A8l6X8fGj5uZYMtlXoG2dUZ5phLO14gaZjrksKXWyNRB%252FlCyMAKSYQCvGWeucnMNGRZfsakLas5hR%250A1ucStjLcQAPkr4qDXbwb7%252FyrJgWlShCUlsstpVwc%252BZLDo2zC0NwZFQgcaRFKhYJ80rjqM7IBodzQ%250ARwQsmpn4Hjskl1VyKGWzkd%252Bxuml8beEp2ptb16uNJd3BiOJl%252B6%252Bu5WybqSbFnJb9igxGCulF9A8s%250Avc3LpyMeGk1HwDwG/1332278722/Tue%252C%252020%2520Mar%25202012%252021%253A25%253A22%2520GMT/attachment%253B%2520filename%253D%252202%2520-%2520Karmacoma%2520%25282006%2520Digital%2520Remaster%2529.mp3%2522/AQoDYXdzELf%252F%252F%252F%252F%252F%252F%252F%252F%252F%252FwEaoAR7SpDEBdt6IAcEUCcjNqN%252FzHMaCp1fA%252B9rVyGrv1Gz3VDmRjArO5fwzh16xaA19%252FvLEnDH5dzuGzLT%252BHrCm4t5ElJqB%252FopYGfOgmcOEJ0CeQzR9yqQ4myCMnD6KzxuBIcmppRhGGhTpVcGBM7LdNt%252BVZ6VUWf9wZfBqpYt5qjBGj1aUIV2x1j4EonLq5VN2mLv6CeejF5YQDy5XIaGlhaQFZc%252BfZv0YrcIoa6OKllkS9psCXfUXzIrdB99kF5b1FK7xqyXBzQfxj3f4neq5kYMvGdIfE8a5cOU5I5dM6RQrUxfnLHL54J7nS%252Bm47J4wp70xQc3ZU%252Fa56pPuVpy7dT8GyWBxNipvPW%252BwShiNsUqL1Oodavy0P5bnzh68kMIblg9o%252BCqQAFSy7LzWFyg99yjkti2hJxY1uTia%252FM166JWik0Io97GUW03u04%252Ba99KKFynDAXB6OO3bo6jZVwKOJ4vxcMuPpQ2wsB%252BsTTLlfnW791rqe8bdW2I2bpmOQ0lHQv5m6sN7RU9dHA6B7c01q1hRJvbSd1iMvb7M910kcsRSqiEKbCBqxLsZOc5PDfMISMFugHL6wg9RQ6bXoqFcHaKfIlQFAh1yAiIYCbcNGmEjBXlvtQQRFZxbiCp68wDK1qHW4EA%252BHWCIw%252B1XbBQ4%252FSn0EGWjVHQEzh0ke6cL30L1K%252FTvklOxkOU2QrHi10ZxlxHwwp3HTz7ykAohM3GZ88%252FINe0oPsE/ASIAJEJXQA2OWAWLGD6Q/4pDU6BvWZV7RIHuGhJIgbDvrsis%253D/02+-+Karmacoma+(2006+Digital+Remaster).mp3? HTTP/1.1
User-Agent: Amazon MP3 Downloader (Clamz 0.5)
Host: amdrewriter.amazon.com
Accept: */*

< HTTP/1.1 200 OK
< Date: Tue, 20 Mar 2012 05:51:46 GMT
< Server: AmazonS3
< x-amz-id-2: r5zWPaAdag6JczgaL5nyxed0jEBUpiTw/6BZU8r/mykP0cN6ZpG2bEGD7lMJr4W4
< x-amz-request-id: 7C19737C184A64F3
< Content-Disposition: attachment; filename="02 - Karmacoma (2006 Digital Remaster).mp3"
< Expires: Tue, 20 Mar 2012 21:25:22 GMT
< Last-Modified: Tue, 20 Mar 2012 05:49:13 GMT
< ETag: "f8f573a1dfe010d3bd7c91bd2e69c98b"
< Accept-Ranges: bytes
< Content-Type: audio/mpeg
< Content-Length: 10217202
< 
* Connection #0 to host (nil) left intact
* Re-using existing connection! (#0) with host (nil)
* Connected to (nil) (72.21.211.141) port 80 (#0)
> GET /zcd-01.s3-external-1.amazonaws.com/A2Y1DD0LUGFAML%252FXR4tJbM%252Fknp30lALVCx8YBdy%252B4AiiXCBFhkYigRQKVTC4Zv2CNisydzemMYffFhnLRk1SKwgTnkz%250A8l6X8fGj5gCzMJLCymiCCBH8xaX%252BkJSiDvEe6jZgziwRXEAqjbU9cpXvTkcylls%252F4pwqBriS6cs6%250APa%252FSftKUjsMkiO3qvx6ED%252FYlBMdKbjm%252BRBqIhgzslw5daLOLpukMrSqvgEtIyTkqGB6nOqJz4Phf%250AyuWOvWuH%252BdrB%252BFb1IpW7gurp3hUa1NzIMIuwhec%252FI1ZFX0hPUJCuqMrbIsv80oZ7SWG9bv9UqgR0%250A1n3yERWMsGbXsq1%252F/1332278722/Tue%252C%252020%2520Mar%25202012%252021%253A25%253A22%2520GMT/attachment%253B%2520filename%253D%252203%2520-%2520Angel%2520%25282006%2520Digital%2520Remaster%2529.mp3%2522/AQoDYXdzELf%252F%252F%252F%252F%252F%252F%252F%252F%252F%252FwEaoAR7SpDEBdt6IAcEUCcjNqN%252FzHMaCp1fA%252B9rVyGrv1Gz3VDmRjArO5fwzh16xaA19%252FvLEnDH5dzuGzLT%252BHrCm4t5ElJqB%252FopYGfOgmcOEJ0CeQzR9yqQ4myCMnD6KzxuBIcmppRhGGhTpVcGBM7LdNt%252BVZ6VUWf9wZfBqpYt5qjBGj1aUIV2x1j4EonLq5VN2mLv6CeejF5YQDy5XIaGlhaQFZc%252BfZv0YrcIoa6OKllkS9psCXfUXzIrdB99kF5b1FK7xqyXBzQfxj3f4neq5kYMvGdIfE8a5cOU5I5dM6RQrUxfnLHL54J7nS%252Bm47J4wp70xQc3ZU%252Fa56pPuVpy7dT8GyWBxNipvPW%252BwShiNsUqL1Oodavy0P5bnzh68kMIblg9o%252BCqQAFSy7LzWFyg99yjkti2hJxY1uTia%252FM166JWik0Io97GUW03u04%252Ba99KKFynDAXB6OO3bo6jZVwKOJ4vxcMuPpQ2wsB%252BsTTLlfnW791rqe8bdW2I2bpmOQ0lHQv5m6sN7RU9dHA6B7c01q1hRJvbSd1iMvb7M910kcsRSqiEKbCBqxLsZOc5PDfMISMFugHL6wg9RQ6bXoqFcHaKfIlQFAh1yAiIYCbcNGmEjBXlvtQQRFZxbiCp68wDK1qHW4EA%252BHWCIw%252B1XbBQ4%252FSn0EGWjVHQEzh0ke6cL30L1K%252FTvklOxkOU2QrHi10ZxlxHwwp3HTz7ykAohM3GZ88%252FINe0oPsE/ASIAJEJXQA2OWAWLGD6Q/PIDIehv7TMBQLev7AkyiBBNZwWM%253D/03+-+Angel+(2006+Digital+Remaster).mp3? HTTP/1.1
User-Agent: Amazon MP3 Downloader (Clamz 0.5)
Host: amdrewriter.amazon.com
Accept: */*

< HTTP/1.1 200 OK
< Date: Tue, 20 Mar 2012 05:51:55 GMT
< Server: AmazonS3
< x-amz-id-2: LnQf3TVlfcpcfXKR/+f2hPqGq0Wcn2+goLrWMqRBDRzmpEKLTzA9crHjfSGSVn+p
< x-amz-request-id: D81A6FD7CA4189D6
< Content-Disposition: attachment; filename="03 - Angel (2006 Digital Remaster).mp3"
< Expires: Tue, 20 Mar 2012 21:25:22 GMT
< Last-Modified: Tue, 20 Mar 2012 05:49:14 GMT
< ETag: "4b1d4e014767d1bdf97e22559c3a32c2"
< Accept-Ranges: bytes
< Content-Type: audio/mpeg
< Content-Length: 11350588
< 
* Connection #0 to host (nil) left intact
* Re-using existing connection! (#0) with host (nil)
* Connected to (nil) (72.21.211.141) port 80 (#0)
> GET /zcd-01.s3-external-1.amazonaws.com/A2Y1DD0LUGFAML%252FXR4tJbM%252Fknp30lALVCx8YBdy%252B4AiiXCBFhkYigRQKVTC4Zv2CNisydzemMYffFhnLRk1SKwgTnkz%250A8l6X8fGj5l%252FAT8RKk%252BIQPGJlUQvBDX9FcbUPJ1%252FTQcys7KxZPWZc963HzPfG%252F2n8IA%252Fu8F07rhx1%250ANIhib%252Ff1A51YdFaKKfKHdf2rgjiwetfdvF4DOCdH3v%252F6UCpk4OmielZn2eW%252BU5QNcheYqEWTKFMy%250A8c39DDkmps5aQP%252BoVrPGXP059g3%252F4qOUw5ekIEJibTgw%252FJyqScQf58ie870e407BBS%252BSQha4c1XR%250AxptHT61g6YOo9KQH/1332278722/Tue%252C%252020%2520Mar%25202012%252021%253A25%253A22%2520GMT/attachment%253B%2520filename%253D%252204%2520-%2520Teardrop%2520%25282006%2520Digital%2520Remaster%2529.mp3%2522/AQoDYXdzELf%252F%252F%252F%252F%252F%252F%252F%252F%252F%252FwEaoAR7SpDEBdt6IAcEUCcjNqN%252FzHMaCp1fA%252B9rVyGrv1Gz3VDmRjArO5fwzh16xaA19%252FvLEnDH5dzuGzLT%252BHrCm4t5ElJqB%252FopYGfOgmcOEJ0CeQzR9yqQ4myCMnD6KzxuBIcmppRhGGhTpVcGBM7LdNt%252BVZ6VUWf9wZfBqpYt5qjBGj1aUIV2x1j4EonLq5VN2mLv6CeejF5YQDy5XIaGlhaQFZc%252BfZv0YrcIoa6OKllkS9psCXfUXzIrdB99kF5b1FK7xqyXBzQfxj3f4neq5kYMvGdIfE8a5cOU5I5dM6RQrUxfnLHL54J7nS%252Bm47J4wp70xQc3ZU%252Fa56pPuVpy7dT8GyWBxNipvPW%252BwShiNsUqL1Oodavy0P5bnzh68kMIblg9o%252BCqQAFSy7LzWFyg99yjkti2hJxY1uTia%252FM166JWik0Io97GUW03u04%252Ba99KKFynDAXB6OO3bo6jZVwKOJ4vxcMuPpQ2wsB%252BsTTLlfnW791rqe8bdW2I2bpmOQ0lHQv5m6sN7RU9dHA6B7c01q1hRJvbSd1iMvb7M910kcsRSqiEKbCBqxLsZOc5PDfMISMFugHL6wg9RQ6bXoqFcHaKfIlQFAh1yAiIYCbcNGmEjBXlvtQQRFZxbiCp68wDK1qHW4EA%252BHWCIw%252B1XbBQ4%252FSn0EGWjVHQEzh0ke6cL30L1K%252FTvklOxkOU2QrHi10ZxlxHwwp3HTz7ykAohM3GZ88%252FINe0oPsE/ASIAJEJXQA2OWAWLGD6Q/RpqrBEHIa98vJHoY%252BA6P6i4g034%253D/04+-+Teardrop+(2006+Digital+Remaster).mp3? HTTP/1.1
User-Agent: Amazon MP3 Downloader (Clamz 0.5)
Host: amdrewriter.amazon.com
Accept: */*

< HTTP/1.1 200 OK
< Date: Tue, 20 Mar 2012 05:52:05 GMT
< Server: AmazonS3
< x-amz-id-2: nlsHkNONBHUAU+P7P2FmV/1OjKRbgnWZ2xAN6FTK97NZTCuali2HRCYMgdHmuPVV
< x-amz-request-id: 0B2B0891980CEC17
< Content-Disposition: attachment; filename="04 - Teardrop (2006 Digital Remaster).mp3"
< Expires: Tue, 20 Mar 2012 21:25:22 GMT
< Last-Modified: Tue, 20 Mar 2012 05:49:12 GMT
< ETag: "69f16ad2a88a8da7313cde0012ca6f30"
< Accept-Ranges: bytes
< Content-Type: audio/mpeg
< Content-Length: 9154100
< 
* Connection #0 to host (nil) left intact
* Re-using existing connection! (#0) with host (nil)
* Connected to (nil) (72.21.211.141) port 80 (#0)
> GET /zcd-01.s3-external-1.amazonaws.com/A2Y1DD0LUGFAML%252FXR4tJbM%252Fknp30lALVCx8YBdy%252B4AiiXCBFhkYigRQKVTC4Zv2CNisydzemMYffFhnLRk1SKwgTnkz%250A8l6X8fGj5hLM89kpaKIp3ygvQC0kG8h7g2XbIFtEWOk3g58g2B2A3GPR2TblZr1lY4UIa3miQ2zj%250AQB7G93wdq4%252F3vTj%252B3hC5HbLs%252BrjBNQEKqoK%252F7PQdsh%252BNBW439em8ByGtpcpXC%252FB6LkAowL4%252BYWL%252B%250AfxOpj%252BrBIO9H0A7kdt795P5YTl%252BHEnTjCReAyXZeqUdikcmdMP%252FuX%252B5XiPO4mN%252B%252FGs%252FStTmdD6TB%250A2pEMlRv5gnrGoZ64/1332278722/Tue%252C%252020%2520Mar%25202012%252021%253A25%253A22%2520GMT/attachment%253B%2520filename%253D%252205%2520-%2520Inertia%2520Creeps%2520%25282006%2520Digital%2520Remaster%2529.mp3%2522/AQoDYXdzELf%252F%252F%252F%252F%252F%252F%252F%252F%252F%252FwEaoAR7SpDEBdt6IAcEUCcjNqN%252FzHMaCp1fA%252B9rVyGrv1Gz3VDmRjArO5fwzh16xaA19%252FvLEnDH5dzuGzLT%252BHrCm4t5ElJqB%252FopYGfOgmcOEJ0CeQzR9yqQ4myCMnD6KzxuBIcmppRhGGhTpVcGBM7LdNt%252BVZ6VUWf9wZfBqpYt5qjBGj1aUIV2x1j4EonLq5VN2mLv6CeejF5YQDy5XIaGlhaQFZc%252BfZv0YrcIoa6OKllkS9psCXfUXzIrdB99kF5b1FK7xqyXBzQfxj3f4neq5kYMvGdIfE8a5cOU5I5dM6RQrUxfnLHL54J7nS%252Bm47J4wp70xQc3ZU%252Fa56pPuVpy7dT8GyWBxNipvPW%252BwShiNsUqL1Oodavy0P5bnzh68kMIblg9o%252BCqQAFSy7LzWFyg99yjkti2hJxY1uTia%252FM166JWik0Io97GUW03u04%252Ba99KKFynDAXB6OO3bo6jZVwKOJ4vxcMuPpQ2wsB%252BsTTLlfnW791rqe8bdW2I2bpmOQ0lHQv5m6sN7RU9dHA6B7c01q1hRJvbSd1iMvb7M910kcsRSqiEKbCBqxLsZOc5PDfMISMFugHL6wg9RQ6bXoqFcHaKfIlQFAh1yAiIYCbcNGmEjBXlvtQQRFZxbiCp68wDK1qHW4EA%252BHWCIw%252B1XbBQ4%252FSn0EGWjVHQEzh0ke6cL30L1K%252FTvklOxkOU2QrHi10ZxlxHwwp3HTz7ykAohM3GZ88%252FINe0oPsE/ASIAJEJXQA2OWAWLGD6Q/tfik%252BUIqxQc2Gdz0r0tbFD3l6nk%253D/05+-+Inertia+Creeps+(2006+Digital+Remaster).mp3? HTTP/1.1
User-Agent: Amazon MP3 Downloader (Clamz 0.5)
Host: amdrewriter.amazon.com
Accept: */*

< HTTP/1.1 200 OK
< Date: Tue, 20 Mar 2012 05:52:13 GMT
< Server: AmazonS3
< x-amz-id-2: HR+kGQnd6Gx7afWfeV1Dxm7YJW9WaX1ocWSeiiJ2oSDw7Al+L0JFjGN6rMBTMa+2
< x-amz-request-id: 190D3154F0C2E502
< Content-Disposition: attachment; filename="05 - Inertia Creeps (2006 Digital Remaster).mp3"
< Expires: Tue, 20 Mar 2012 21:25:22 GMT
< Last-Modified: Tue, 20 Mar 2012 05:49:13 GMT
< ETag: "ba4e73d09f46ae6ed27440e90bd3edfa"
< Accept-Ranges: bytes
< Content-Type: audio/mpeg
< Content-Length: 10763224
< 
* Connection #0 to host (nil) left intact
* Re-using existing connection! (#0) with host (nil)
* Connected to (nil) (72.21.211.141) port 80 (#0)
> GET /zcd-01.s3-external-1.amazonaws.com/A2Y1DD0LUGFAML%252FXR4tJbM%252Fknp30lALVCx8YBdy%252B4AiiXCBFhkYigRQKVTC4Zv2CNisydzemMYffFhnLRk1SKwgTnkz%250A8l6X8fGj5sAdIAexLkyvVxRG2uLUuaREhQ0ik7tiq8P81DBj32AJhv5deA0UltC%252BewVwZD8nVa5B%250A%252FcOvpE4hLzR8MYYURiWk4rVba1lshMFXijXDcoY7YJMHpZM%252FJXxwu2MvGEyMHc6GDnFL8lpjCxiG%250AW%252BLhmu8ZkB%252BV6%252BMtJhhR7sDiCR9C3GHR9jJU%252BoA4r8bUUs000WgSlItzKCQpDrBW3szOFQTZstdZ%250ANpmKGWIRirhekQ74/1332278722/Tue%252C%252020%2520Mar%25202012%252021%253A25%253A22%2520GMT/attachment%253B%2520filename%253D%252206%2520-%2520Protection%2520%25282006%2520Digital%2520Remaster%2529%2520%2528Feat.%2520Tracey%2520Thorn%2529.mp3%2522/AQoDYXdzELf%252F%252F%252F%252F%252F%252F%252F%252F%252F%252FwEaoAR7SpDEBdt6IAcEUCcjNqN%252FzHMaCp1fA%252B9rVyGrv1Gz3VDmRjArO5fwzh16xaA19%252FvLEnDH5dzuGzLT%252BHrCm4t5ElJqB%252FopYGfOgmcOEJ0CeQzR9yqQ4myCMnD6KzxuBIcmppRhGGhTpVcGBM7LdNt%252BVZ6VUWf9wZfBqpYt5qjBGj1aUIV2x1j4EonLq5VN2mLv6CeejF5YQDy5XIaGlhaQFZc%252BfZv0YrcIoa6OKllkS9psCXfUXzIrdB99kF5b1FK7xqyXBzQfxj3f4neq5kYMvGdIfE8a5cOU5I5dM6RQrUxfnLHL54J7nS%252Bm47J4wp70xQc3ZU%252Fa56pPuVpy7dT8GyWBxNipvPW%252BwShiNsUqL1Oodavy0P5bnzh68kMIblg9o%252BCqQAFSy7LzWFyg99yjkti2hJxY1uTia%252FM166JWik0Io97GUW03u04%252Ba99KKFynDAXB6OO3bo6jZVwKOJ4vxcMuPpQ2wsB%252BsTTLlfnW791rqe8bdW2I2bpmOQ0lHQv5m6sN7RU9dHA6B7c01q1hRJvbSd1iMvb7M910kcsRSqiEKbCBqxLsZOc5PDfMISMFugHL6wg9RQ6bXoqFcHaKfIlQFAh1yAiIYCbcNGmEjBXlvtQQRFZxbiCp68wDK1qHW4EA%252BHWCIw%252B1XbBQ4%252FSn0EGWjVHQEzh0ke6cL30L1K%252FTvklOxkOU2QrHi10ZxlxHwwp3HTz7ykAohM3GZ88%252FINe0oPsE/ASIAJEJXQA2OWAWLGD6Q/qYUPCzM%252BIZd5T4E4%252FS9KyQAfcC8%253D/06+-+Protection+(2006+Digital+Remaster)+(Feat.+Tracey+Thorn).mp3? HTTP/1.1
User-Agent: Amazon MP3 Downloader (Clamz 0.5)
Host: amdrewriter.amazon.com
Accept: */*

< HTTP/1.1 200 OK
< Date: Tue, 20 Mar 2012 05:52:23 GMT
< Server: AmazonS3
< x-amz-id-2: 4RdJsDtcKQaGyr1a1OM7KVEn161B48uJjWYM4/J7pyqPn4LFvPsHdASSUB42s/Iv
< x-amz-request-id: AB4CAABE1BB52ECE
< Content-Disposition: attachment; filename="06 - Protection (2006 Digital Remaster) (Feat. Tracey Thorn).mp3"
< Expires: Tue, 20 Mar 2012 21:25:22 GMT
< Last-Modified: Tue, 20 Mar 2012 05:49:12 GMT
< ETag: "cb53d5ecf98739a7410e1c40028fbce7"
< Accept-Ranges: bytes
< Content-Type: audio/mpeg
< Content-Length: 12642348
< 
* Connection #0 to host (nil) left intact
* Re-using existing connection! (#0) with host (nil)
* Connected to (nil) (72.21.211.141) port 80 (#0)
> GET /zcd-01.s3-external-1.amazonaws.com/A2Y1DD0LUGFAML%252FXR4tJbM%252Fknp30lALVCx8YBdy%252B4AiiXCBFhkYigRQKVTC4Zv2CNisydzemMYffFhnLRk1SKwgTnkz%250A8l6X8fGj5qGLu6ptVM8TBbkHaO4%252BorIaIIPDRpulm6u88OTq7gBsH8zbCimRJczLYEY3kBYvoUwL%250AP3gQ2mK0dSUMKRH7JH1rb6zbIRGfibaZc4bJ4OMpvVRH7TzaOs4RoUz9j1vSeBPqUhbDWxuWoOnN%250AMUKvbg4NU%252B50JjIkkxoVMt%252FL1Q2TBKUeiGLOZTFKX%252BpFcLxFT2f47V8XRgZPAvewxrfU3t2zTaU4%250AD9d8%252FWLhUODLsOsO/1332278722/Tue%252C%252020%2520Mar%25202012%252021%253A25%253A22%2520GMT/attachment%253B%2520filename%253D%252207%2520-%2520Butterfly%2520Caught%2520%25282006%2520Digital%2520Remaster%2529.mp3%2522/AQoDYXdzELf%252F%252F%252F%252F%252F%252F%252F%252F%252F%252FwEaoAR7SpDEBdt6IAcEUCcjNqN%252FzHMaCp1fA%252B9rVyGrv1Gz3VDmRjArO5fwzh16xaA19%252FvLEnDH5dzuGzLT%252BHrCm4t5ElJqB%252FopYGfOgmcOEJ0CeQzR9yqQ4myCMnD6KzxuBIcmppRhGGhTpVcGBM7LdNt%252BVZ6VUWf9wZfBqpYt5qjBGj1aUIV2x1j4EonLq5VN2mLv6CeejF5YQDy5XIaGlhaQFZc%252BfZv0YrcIoa6OKllkS9psCXfUXzIrdB99kF5b1FK7xqyXBzQfxj3f4neq5kYMvGdIfE8a5cOU5I5dM6RQrUxfnLHL54J7nS%252Bm47J4wp70xQc3ZU%252Fa56pPuVpy7dT8GyWBxNipvPW%252BwShiNsUqL1Oodavy0P5bnzh68kMIblg9o%252BCqQAFSy7LzWFyg99yjkti2hJxY1uTia%252FM166JWik0Io97GUW03u04%252Ba99KKFynDAXB6OO3bo6jZVwKOJ4vxcMuPpQ2wsB%252BsTTLlfnW791rqe8bdW2I2bpmOQ0lHQv5m6sN7RU9dHA6B7c01q1hRJvbSd1iMvb7M910kcsRSqiEKbCBqxLsZOc5PDfMISMFugHL6wg9RQ6bXoqFcHaKfIlQFAh1yAiIYCbcNGmEjBXlvtQQRFZxbiCp68wDK1qHW4EA%252BHWCIw%252B1XbBQ4%252FSn0EGWjVHQEzh0ke6cL30L1K%252FTvklOxkOU2QrHi10ZxlxHwwp3HTz7ykAohM3GZ88%252FINe0oPsE/ASIAJEJXQA2OWAWLGD6Q/t0efVEXUnka3WXaDwSgDPiOuT2c%253D/07+-+Butterfly+Caught+(2006+Digital+Remaster).mp3? HTTP/1.1
User-Agent: Amazon MP3 Downloader (Clamz 0.5)
Host: amdrewriter.amazon.com
Accept: */*

< HTTP/1.1 200 OK
< Date: Tue, 20 Mar 2012 05:52:35 GMT
< Server: AmazonS3
< x-amz-id-2: eOR98P5IoWFB32L0NKoJ2pi2o7L+waTF8sP+etVwo/fIbhTe+6/hmEXUUzs0u71/
< x-amz-request-id: 9C098C66F1FEBCFE
< Content-Disposition: attachment; filename="07 - Butterfly Caught (2006 Digital Remaster).mp3"
< Expires: Tue, 20 Mar 2012 21:25:22 GMT
< Last-Modified: Tue, 20 Mar 2012 05:49:13 GMT
< ETag: "9aad6be1fe069cb9b4953a9751a8db66"
< Accept-Ranges: bytes
< Content-Type: audio/mpeg
< Content-Length: 9679400
< 
* Connection #0 to host (nil) left intact
* Re-using existing connection! (#0) with host (nil)
* Connected to (nil) (72.21.211.141) port 80 (#0)
> GET /zcd-01.s3-external-1.amazonaws.com/A2Y1DD0LUGFAML%252FXR4tJbM%252Fknp30lALVCx8YBdy%252B4AiiXCBFhkYigRQKVTC4Zv2CNisydzemMYffFhnLRk1SKwgTnkz%250A8l6X8fGj5sqVJ%252FGt%252FVNLA2hDo2Kqcod3KZI2Zmykw0jwmw6R8owv81fNoLnTK5cZyMqcis1e%252Bt7X%250AdvaKT53auWEj3MI0HXdbYnMOzXKm%252Fpz8vWwZKcPbV%252FeAx9wrWrEQt4sodc1a24IUhHBmrPK653aT%250AbyotnQ24IbwZ4U4mLV6qV8M8Jqpn2uwQ1rCpct2xl974OwCwbyXntWiRQeXp9Sy7eh69%252F%252B0GvTbN%250A9VA9gbkNAXaeg%252FwT/1332278722/Tue%252C%252020%2520Mar%25202012%252021%253A25%253A22%2520GMT/attachment%253B%2520filename%253D%252208%2520-%2520Unfinished%2520Sympathy%2520%25282006%2520Digital%2520Remaster%2529.mp3%2522/AQoDYXdzELf%252F%252F%252F%252F%252F%252F%252F%252F%252F%252FwEaoAR7SpDEBdt6IAcEUCcjNqN%252FzHMaCp1fA%252B9rVyGrv1Gz3VDmRjArO5fwzh16xaA19%252FvLEnDH5dzuGzLT%252BHrCm4t5ElJqB%252FopYGfOgmcOEJ0CeQzR9yqQ4myCMnD6KzxuBIcmppRhGGhTpVcGBM7LdNt%252BVZ6VUWf9wZfBqpYt5qjBGj1aUIV2x1j4EonLq5VN2mLv6CeejF5YQDy5XIaGlhaQFZc%252BfZv0YrcIoa6OKllkS9psCXfUXzIrdB99kF5b1FK7xqyXBzQfxj3f4neq5kYMvGdIfE8a5cOU5I5dM6RQrUxfnLHL54J7nS%252Bm47J4wp70xQc3ZU%252Fa56pPuVpy7dT8GyWBxNipvPW%252BwShiNsUqL1Oodavy0P5bnzh68kMIblg9o%252BCqQAFSy7LzWFyg99yjkti2hJxY1uTia%252FM166JWik0Io97GUW03u04%252Ba99KKFynDAXB6OO3bo6jZVwKOJ4vxcMuPpQ2wsB%252BsTTLlfnW791rqe8bdW2I2bpmOQ0lHQv5m6sN7RU9dHA6B7c01q1hRJvbSd1iMvb7M910kcsRSqiEKbCBqxLsZOc5PDfMISMFugHL6wg9RQ6bXoqFcHaKfIlQFAh1yAiIYCbcNGmEjBXlvtQQRFZxbiCp68wDK1qHW4EA%252BHWCIw%252B1XbBQ4%252FSn0EGWjVHQEzh0ke6cL30L1K%252FTvklOxkOU2QrHi10ZxlxHwwp3HTz7ykAohM3GZ88%252FINe0oPsE/ASIAJEJXQA2OWAWLGD6Q/S2KW2V%252F2%252FSd8tp1ySR383mQdZjs%253D/08+-+Unfinished+Sympathy+(2006+Digital+Remaster).mp3? HTTP/1.1
User-Agent: Amazon MP3 Downloader (Clamz 0.5)
Host: amdrewriter.amazon.com
Accept: */*

< HTTP/1.1 200 OK
< Date: Tue, 20 Mar 2012 05:52:46 GMT
< Server: AmazonS3
< x-amz-id-2: k1pROV3Px0H56RfUUpY8izUg1trJXHGVWW1aDpDAkPWhUx496uOHguHD5l+1YRAn
< x-amz-request-id: 22BB08921EB9A172
< Content-Disposition: attachment; filename="08 - Unfinished Sympathy (2006 Digital Remaster).mp3"
< Expires: Tue, 20 Mar 2012 21:25:22 GMT
< Last-Modified: Tue, 20 Mar 2012 05:49:12 GMT
< ETag: "87b1a0dc2cfe36af6a8fd636eddb4f0c"
< Accept-Ranges: bytes
< Content-Type: audio/mpeg
< Content-Length: 10264788
< 
* Connection #0 to host (nil) left intact
* Re-using existing connection! (#0) with host (nil)
* Connected to (nil) (72.21.211.141) port 80 (#0)
> GET /zcd-01.s3-external-1.amazonaws.com/A2Y1DD0LUGFAML%252FXR4tJbM%252Fknp30lALVCx8YBdy%252B4AiiXCBFhkYigRQKVTC4Zv2CNisydzemMYffFhnLRk1SKwgTnkz%250A8l6X8fGj5vsYR0%252B%252BxJVHK1qMJJP%252F82brWV8AVQ%252Bzwap6nIct0NQEA1L%252FqNo%252FfR2LcgGXjgwFkXSN%250Adau%252BFIWY9Svcg%252BII9%252Fvav45EsWEpGgokdFyxXmbgGIOIWmH4LBrnbAxoRoekJYj7LtZdhfYHFIch%250AoQF10EjXyx732Ju0ytC6ESTTS%252F0Mko67vPMPYWhOrVCtQJkTaeMYKSjqBaYdnqaULtv5hNXhm3QL%250AWkJ5C%252FdgKyCrdo0E/1332278722/Tue%252C%252020%2520Mar%25202012%252021%253A25%253A22%2520GMT/attachment%253B%2520filename%253D%252209%2520-%2520Risingson%2520%25282006%2520Digital%2520Remaster%2529.mp3%2522/AQoDYXdzELf%252F%252F%252F%252F%252F%252F%252F%252F%252F%252FwEaoAR7SpDEBdt6IAcEUCcjNqN%252FzHMaCp1fA%252B9rVyGrv1Gz3VDmRjArO5fwzh16xaA19%252FvLEnDH5dzuGzLT%252BHrCm4t5ElJqB%252FopYGfOgmcOEJ0CeQzR9yqQ4myCMnD6KzxuBIcmppRhGGhTpVcGBM7LdNt%252BVZ6VUWf9wZfBqpYt5qjBGj1aUIV2x1j4EonLq5VN2mLv6CeejF5YQDy5XIaGlhaQFZc%252BfZv0YrcIoa6OKllkS9psCXfUXzIrdB99kF5b1FK7xqyXBzQfxj3f4neq5kYMvGdIfE8a5cOU5I5dM6RQrUxfnLHL54J7nS%252Bm47J4wp70xQc3ZU%252Fa56pPuVpy7dT8GyWBxNipvPW%252BwShiNsUqL1Oodavy0P5bnzh68kMIblg9o%252BCqQAFSy7LzWFyg99yjkti2hJxY1uTia%252FM166JWik0Io97GUW03u04%252Ba99KKFynDAXB6OO3bo6jZVwKOJ4vxcMuPpQ2wsB%252BsTTLlfnW791rqe8bdW2I2bpmOQ0lHQv5m6sN7RU9dHA6B7c01q1hRJvbSd1iMvb7M910kcsRSqiEKbCBqxLsZOc5PDfMISMFugHL6wg9RQ6bXoqFcHaKfIlQFAh1yAiIYCbcNGmEjBXlvtQQRFZxbiCp68wDK1qHW4EA%252BHWCIw%252B1XbBQ4%252FSn0EGWjVHQEzh0ke6cL30L1K%252FTvklOxkOU2QrHi10ZxlxHwwp3HTz7ykAohM3GZ88%252FINe0oPsE/ASIAJEJXQA2OWAWLGD6Q/nRkztuRxvo1mDDZPKxxSAN2ty%252BA%253D/09+-+Risingson+(2006+Digital+Remaster).mp3? HTTP/1.1
User-Agent: Amazon MP3 Downloader (Clamz 0.5)
Host: amdrewriter.amazon.com
Accept: */*

< HTTP/1.1 200 OK
< Date: Tue, 20 Mar 2012 05:52:54 GMT
< Server: AmazonS3
< x-amz-id-2: 5Vw9BqY/v6hCmc51+Gm+Xr1i1t4jpkXZOX/Nm8uHCfmNfGxa0GooHwn5N55FPYZa
< x-amz-request-id: D59BAA31DD52FF59
< Content-Disposition: attachment; filename="09 - Risingson (2006 Digital Remaster).mp3"
< Expires: Tue, 20 Mar 2012 21:25:22 GMT
< Last-Modified: Tue, 20 Mar 2012 05:49:13 GMT
< ETag: "2f88b551632ef8133394b00ac874e2b9"
< Accept-Ranges: bytes
< Content-Type: audio/mpeg
< Content-Length: 8778881
< 
* Connection #0 to host (nil) left intact
