* About to connect() to amdrewriter.amazon.com port 80 (#0)
*   Trying 72.21.203.204...
* connected
* Connected to amdrewriter.amazon.com (72.21.203.204) port 80 (#0)
> GET /zcd-01.s3-external-1.amazonaws.com/A2Y1DD0LUGFAML%252FXR4tJbM%252Fknp30lALVCx8YBdy%252B4AiiXCBFhkYigRQKVTC4Zv2CNisydzemMYffFhn%252FJJ%252BeBLHUI2w%250ANR4%252FKrwHD%252BS%252Fbz8A4uHykGzXI%252BjMme4Lu5rn0XLhx2c07qzIT6IhDK2hdgUaU4hT1TQLjTEL94gs%250AadAzSFlwQaU1KLyGx94joAASaBoZXJDKkMi2%252F1DYL8lbgY1PFzGFEDr14ZtriR1c5STVKKg%252FLHfk%250AG%252BjhWxppZ9%252FCsvYDMFxaXDJWtmWbspBIYkP3wt7qHyYksEaq21Y4XTHRDaqk6SVL4fGL%252F07otzzP%250AY53POuEReywhdx7n/1330970099/Mon%252C%252005%2520Mar%25202012%252017%253A54%253A59%2520GMT/attachment%253B%2520filename%253D%252206%2520-%2520Alone%2520With%2520You.mp3%2522/AQoDYXdzEDoasAT7JNgpryetQD7CyTvvIFZQZj4M8BGEqpFyWD5wytT%252BpNf0ThgSLT%252Bk5I7Omsq4T63S9EaY0pmottIQR0ZQ3yuRnhRD5sdeRkI9FTOKxNQYRc6NQTeQ1FT7t9XHlaIvmxmV1gGixGfq8Bq1J85T0%252FGr4s%252BB86VHYgN6SRvhLmzOcB00rdDm8LgOVzwOr4Sqjj%252BWE6rWUdQHPhGLOrSKbw%252BBfiUnKkBMwKKd6qodz1UFyx9lU0UfijXMHBgf%252FgeInjGIgfItfaKhUIw23aK7OdJ5HxYtweu17egjj7vK3mWCO3Nc1J66a2O8WFkGCEfAkTpxaUi8TKXNTs67IFawRgaGGHqU5g07zhR1BUNBa8cNivITJ%252BINOxv8sUxPfdrYpmvb%252FcpYRtu3mTJi%252FhO8Er5lE5%252FCDkNczC99nAOcrSWc4JEkaMq%252FyA7XJ7G%252BXV7vvckuUQXgFK9NDv2Tf7%252BrwQegm8pk%252FK8uE3iifUvXdWnuXj8sw46p0aL9pwSUpE2W5Xj%252BS5uvCfnOksbpNV%252FU2JvD%252BVmLxLgDuXe%252FlRuw7UZAhngmJJMHOR8YLZ%252BSA7oedUZt4ik7KTYqOZ0e78fJwhFwKU%252BF4ebfH%252FcH846TqR7kuPHKx1%252Fe9ahdsHftJgm4fKmN0QPzeukm88jp15GfJQzvqekZ8BQHxutSh9a8rqmOm9iZjM0mpKEJXnSm1D%252FlTMw6EW6Zugxz9zCpoUVq5hfdnXRuWzF0mtYAQ3lljwvoNiDLlND6BA%253D%253D/ASIAJ2NI2TZSBGXMMX6A/4MfIfmnHV5DoTqxEWLTXLoSy4lk%253D/06+-+Alone+With+You.mp3? HTTP/1.1
User-Agent: Amazon MP3 Downloader (Clamz 0.5)
Host: amdrewriter.amazon.com
Accept: */*

< HTTP/1.1 200 OK
< Date: Mon, 05 Mar 2012 00:55:54 GMT
< Server: AmazonS3
< x-amz-id-2: 14qR/Vq0gPwjMTm396r0ZfrKjiltqkXaylZ2FxYY0+4UlMIOW7BZtTx8+5NMnRIE
< x-amz-request-id: 8981B36A86FA86D9
< Content-Disposition: attachment; filename="06 - Alone With You.mp3"
< Expires: Mon, 05 Mar 2012 17:54:59 GMT
< Last-Modified: Sun, 04 Mar 2012 07:00:27 GMT
< ETag: "d1a673115f0e0c1f6e074bb6809fcbe5"
< Accept-Ranges: bytes
< Content-Type: audio/mpeg
< Content-Length: 14432592
< 
* Connection #0 to host amdrewriter.amazon.com left intact
* Re-using existing connection! (#0) with host (nil)
* Connected to (nil) (72.21.203.204) port 80 (#0)
> GET /zcd-01.s3-external-1.amazonaws.com/A2Y1DD0LUGFAML%252FXR4tJbM%252Fknp30lALVCx8YBdy%252B4AiiXCBFhkYigRQKVTC4Zv2CNisydzemMYffFhn%252FJJ%252BeBLHUI2w%250ANR4%252FKrwHD2uYvsVf9ZJo7pWQGlaV1xr%252FtqQBbb5mYDLrewsNJohjJCa3G8MwZYAmMHxOzVJ5pEzq%250A4AC1mMgatqP5BjONN3TrW5EAdFcwIMhCYOggBlOzEoTuswcTiaSWfAigC7IrzpRhLbOOU0vLj6gG%250As2EZ46RMwTA%252BgBJeOt1g5RsazTc%252F3%252FnX8Grt%252FYpmj58spba5aFLGAIxpdm5yF0H4kzo%252BIKwH%252Fdfd%250A7qW85qWop%252FQA8hse/1330970099/Mon%252C%252005%2520Mar%25202012%252017%253A54%253A59%2520GMT/attachment%253B%2520filename%253D%252211%2520-%2520Arguru.mp3%2522/AQoDYXdzEDoasAT7JNgpryetQD7CyTvvIFZQZj4M8BGEqpFyWD5wytT%252BpNf0ThgSLT%252Bk5I7Omsq4T63S9EaY0pmottIQR0ZQ3yuRnhRD5sdeRkI9FTOKxNQYRc6NQTeQ1FT7t9XHlaIvmxmV1gGixGfq8Bq1J85T0%252FGr4s%252BB86VHYgN6SRvhLmzOcB00rdDm8LgOVzwOr4Sqjj%252BWE6rWUdQHPhGLOrSKbw%252BBfiUnKkBMwKKd6qodz1UFyx9lU0UfijXMHBgf%252FgeInjGIgfItfaKhUIw23aK7OdJ5HxYtweu17egjj7vK3mWCO3Nc1J66a2O8WFkGCEfAkTpxaUi8TKXNTs67IFawRgaGGHqU5g07zhR1BUNBa8cNivITJ%252BINOxv8sUxPfdrYpmvb%252FcpYRtu3mTJi%252FhO8Er5lE5%252FCDkNczC99nAOcrSWc4JEkaMq%252FyA7XJ7G%252BXV7vvckuUQXgFK9NDv2Tf7%252BrwQegm8pk%252FK8uE3iifUvXdWnuXj8sw46p0aL9pwSUpE2W5Xj%252BS5uvCfnOksbpNV%252FU2JvD%252BVmLxLgDuXe%252FlRuw7UZAhngmJJMHOR8YLZ%252BSA7oedUZt4ik7KTYqOZ0e78fJwhFwKU%252BF4ebfH%252FcH846TqR7kuPHKx1%252Fe9ahdsHftJgm4fKmN0QPzeukm88jp15GfJQzvqekZ8BQHxutSh9a8rqmOm9iZjM0mpKEJXnSm1D%252FlTMw6EW6Zugxz9zCpoUVq5hfdnXRuWzF0mtYAQ3lljwvoNiDLlND6BA%253D%253D/ASIAJ2NI2TZSBGXMMX6A/oeDaPqXEqZWWkxpWeDL1EDR21rk%253D/11+-+Arguru.mp3? HTTP/1.1
User-Agent: Amazon MP3 Downloader (Clamz 0.5)
Host: amdrewriter.amazon.com
Accept: */*

< HTTP/1.1 200 OK
< Date: Mon, 05 Mar 2012 00:56:08 GMT
< Server: AmazonS3
< x-amz-id-2: NESfWw/qPZ4ifgdecnbLxiWNN8nwWG2GDrk6gcEZOdxFyBQRJWQgBxLzysOxY0V8
< x-amz-request-id: B7700224E078AEA7
< Content-Disposition: attachment; filename="11 - Arguru.mp3"
< Expires: Mon, 05 Mar 2012 17:54:59 GMT
< Last-Modified: Sun, 04 Mar 2012 07:00:26 GMT
< ETag: "ea89c66bf3b6083f28415cf7763f091f"
< Accept-Ranges: bytes
< Content-Type: audio/mpeg
< Content-Length: 10592369
< 
* Connection #0 to host (nil) left intact
* Re-using existing connection! (#0) with host (nil)
* Connected to (nil) (72.21.203.204) port 80 (#0)
> GET /zcd-01.s3-external-1.amazonaws.com/A2Y1DD0LUGFAML%252FXR4tJbM%252Fknp30lALVCx8YBdy%252B4AiiXCBFhkYigRQKVTC4Zv2CNisydzemMYffFhn%252FJJ%252BeBLHUI2w%250ANR4%252FKrwHDx6xa9LBOkXmMq0b4uP1PBE%252BepwpOD%252B0x3PyYjYiK%252BbHF5ANDe5AQ%252Bx14pgivkyh6Oq%252F%250A0CeWph24Wm32OGC5L9hIvrgTXfj19EaYDfMSxaYaC7kTVgFatRHiLY0qSUIkh%252BBa0%252BtFzbZyv0Dv%250Aige9e%252BMpH59Q4chGkMrYoRxUgnOdDaaFXzzWlhOSPyuUys7RIEklPN65ZukVFUjEEVI29WP8GVS8%250AYkDL%252Bbts6eQ07EO5/1330970099/Mon%252C%252005%2520Mar%25202012%252017%253A54%253A59%2520GMT/attachment%253B%2520filename%253D%252205%2520-%2520Brazil%2520%25282nd%2520Edit%2529.mp3%2522/AQoDYXdzEDoasAT7JNgpryetQD7CyTvvIFZQZj4M8BGEqpFyWD5wytT%252BpNf0ThgSLT%252Bk5I7Omsq4T63S9EaY0pmottIQR0ZQ3yuRnhRD5sdeRkI9FTOKxNQYRc6NQTeQ1FT7t9XHlaIvmxmV1gGixGfq8Bq1J85T0%252FGr4s%252BB86VHYgN6SRvhLmzOcB00rdDm8LgOVzwOr4Sqjj%252BWE6rWUdQHPhGLOrSKbw%252BBfiUnKkBMwKKd6qodz1UFyx9lU0UfijXMHBgf%252FgeInjGIgfItfaKhUIw23aK7OdJ5HxYtweu17egjj7vK3mWCO3Nc1J66a2O8WFkGCEfAkTpxaUi8TKXNTs67IFawRgaGGHqU5g07zhR1BUNBa8cNivITJ%252BINOxv8sUxPfdrYpmvb%252FcpYRtu3mTJi%252FhO8Er5lE5%252FCDkNczC99nAOcrSWc4JEkaMq%252FyA7XJ7G%252BXV7vvckuUQXgFK9NDv2Tf7%252BrwQegm8pk%252FK8uE3iifUvXdWnuXj8sw46p0aL9pwSUpE2W5Xj%252BS5uvCfnOksbpNV%252FU2JvD%252BVmLxLgDuXe%252FlRuw7UZAhngmJJMHOR8YLZ%252BSA7oedUZt4ik7KTYqOZ0e78fJwhFwKU%252BF4ebfH%252FcH846TqR7kuPHKx1%252Fe9ahdsHftJgm4fKmN0QPzeukm88jp15GfJQzvqekZ8BQHxutSh9a8rqmOm9iZjM0mpKEJXnSm1D%252FlTMw6EW6Zugxz9zCpoUVq5hfdnXRuWzF0mtYAQ3lljwvoNiDLlND6BA%253D%253D/ASIAJ2NI2TZSBGXMMX6A/j7GICpgpYR7kO7lDgTpGYQB%252FhW4%253D/05+-+Brazil+(2nd+Edit).mp3? HTTP/1.1
User-Agent: Amazon MP3 Downloader (Clamz 0.5)
Host: amdrewriter.amazon.com
Accept: */*

< HTTP/1.1 200 OK
< Date: Mon, 05 Mar 2012 00:56:18 GMT
< Server: AmazonS3
< x-amz-id-2: 0Fkm2j8zrE/kDVUFH4JIGDwaAnH/jb7HbIVhAJUxbWKMKtDfiP28v4QBYp0TRz2E
< x-amz-request-id: 8A2834ED75EC406C
< Content-Disposition: attachment; filename="05 - Brazil (2nd Edit).mp3"
< Expires: Mon, 05 Mar 2012 17:54:59 GMT
< Last-Modified: Sun, 04 Mar 2012 07:00:26 GMT
< ETag: "86ed2a115824aa15a3968daa4d9d126e"
< Accept-Ranges: bytes
< Content-Type: audio/mpeg
< Content-Length: 10352481
< 
* Connection #0 to host (nil) left intact
* Re-using existing connection! (#0) with host (nil)
* Connected to (nil) (72.21.203.204) port 80 (#0)
> GET /zcd-01.s3-external-1.amazonaws.com/A2Y1DD0LUGFAML%252FXR4tJbM%252Fknp30lALVCx8YBdy%252B4AiiXCBFhkYigRQKVTC4Zv2CNisydzemMYffFhn%252FJJ%252BeBLHUI2w%250ANR4%252FKrwHD%252BQ65FBVhUXtj682elVmoiBUTReELGNt4MCFeEHDDhI6RyDytWhXtaFyDenXYe%252FWfxCZ%250AtlMMYmwh7lvjgN73Pntkn%252FjnlXrDUoylBTvg%252BC97MscjdFhibfyVUX0vVwON5KHqrddNprAf3JCI%250ADTQ0NQN2Ei%252B2cnm683%252F927l64EWYfbEMJNiC6eDlvMFyaYIOgihcl%252BCCyQLYfo8Hjoh6hg%252BWdTxS%250A59gQ82QxeOETlNe%252F/1330970099/Mon%252C%252005%2520Mar%25202012%252017%253A54%253A59%2520GMT/attachment%253B%2520filename%253D%252202%2520-%2520Complications.mp3%2522/AQoDYXdzEDoasAT7JNgpryetQD7CyTvvIFZQZj4M8BGEqpFyWD5wytT%252BpNf0ThgSLT%252Bk5I7Omsq4T63S9EaY0pmottIQR0ZQ3yuRnhRD5sdeRkI9FTOKxNQYRc6NQTeQ1FT7t9XHlaIvmxmV1gGixGfq8Bq1J85T0%252FGr4s%252BB86VHYgN6SRvhLmzOcB00rdDm8LgOVzwOr4Sqjj%252BWE6rWUdQHPhGLOrSKbw%252BBfiUnKkBMwKKd6qodz1UFyx9lU0UfijXMHBgf%252FgeInjGIgfItfaKhUIw23aK7OdJ5HxYtweu17egjj7vK3mWCO3Nc1J66a2O8WFkGCEfAkTpxaUi8TKXNTs67IFawRgaGGHqU5g07zhR1BUNBa8cNivITJ%252BINOxv8sUxPfdrYpmvb%252FcpYRtu3mTJi%252FhO8Er5lE5%252FCDkNczC99nAOcrSWc4JEkaMq%252FyA7XJ7G%252BXV7vvckuUQXgFK9NDv2Tf7%252BrwQegm8pk%252FK8uE3iifUvXdWnuXj8sw46p0aL9pwSUpE2W5Xj%252BS5uvCfnOksbpNV%252FU2JvD%252BVmLxLgDuXe%252FlRuw7UZAhngmJJMHOR8YLZ%252BSA7oedUZt4ik7KTYqOZ0e78fJwhFwKU%252BF4ebfH%252FcH846TqR7kuPHKx1%252Fe9ahdsHftJgm4fKmN0QPzeukm88jp15GfJQzvqekZ8BQHxutSh9a8rqmOm9iZjM0mpKEJXnSm1D%252FlTMw6EW6Zugxz9zCpoUVq5hfdnXRuWzF0mtYAQ3lljwvoNiDLlND6BA%253D%253D/ASIAJ2NI2TZSBGXMMX6A/29iV1av%252FDl4W4MYW6DrzyJco6XY%253D/02+-+Complications.mp3? HTTP/1.1
User-Agent: Amazon MP3 Downloader (Clamz 0.5)
Host: amdrewriter.amazon.com
Accept: */*

< HTTP/1.1 200 OK
< Date: Mon, 05 Mar 2012 00:56:28 GMT
< Server: AmazonS3
< x-amz-id-2: HTELqbMHabbQ+1jyX4eAJMfYIJSlJ+wYaAMqObmIWrT4jTfQEJJORcdsSEz6b6dK
< x-amz-request-id: 9B1188312DD1008C
< Content-Disposition: attachment; filename="02 - Complications.mp3"
< Expires: Mon, 05 Mar 2012 17:54:59 GMT
< Last-Modified: Sun, 04 Mar 2012 07:00:26 GMT
< ETag: "c0eb9448d5e297d1d5bef66bb531fa4f"
< Accept-Ranges: bytes
< Content-Type: audio/mpeg
< Content-Length: 10562316
< 
* Connection #0 to host (nil) left intact
* Re-using existing connection! (#0) with host (nil)
* Connected to (nil) (72.21.203.204) port 80 (#0)
> GET /zcd-01.s3-external-1.amazonaws.com/A2Y1DD0LUGFAML%252FXR4tJbM%252Fknp30lALVCx8YBdy%252B4AiiXCBFhkYigRQKVTC4Zv2CNisydzemMYffFhn%252FJJ%252BeBLHUI2w%250ANR4%252FKrwHDzU2%252BMwPNMB6YLJ46gfwr1R1Zoqj0z%252F531feU3mjRWtBoiEws9kZMc719Cy1pTOIKaES%250AUDJV6jOzC0aQovrmVWmRkNMpjw0LwhzSdKEgVPqf8l1d%252FUKYpJqkb4wVel8vhF3H9Atzpy%252B8TKi7%250ArVKm%252FDKSE16a%252FasG5Lhkuo%252FN8upoQN0MfLNOiA%252FxBeF3GLW1Y3mqmJPaTfobeEPVMittpcNeuFkY%250A0%252B6CUdhtlZPOMhxF/1330970099/Mon%252C%252005%2520Mar%25202012%252017%253A54%253A59%2520GMT/attachment%253B%2520filename%253D%252209%2520-%2520Faxing%2520Berlin.mp3%2522/AQoDYXdzEDoasAT7JNgpryetQD7CyTvvIFZQZj4M8BGEqpFyWD5wytT%252BpNf0ThgSLT%252Bk5I7Omsq4T63S9EaY0pmottIQR0ZQ3yuRnhRD5sdeRkI9FTOKxNQYRc6NQTeQ1FT7t9XHlaIvmxmV1gGixGfq8Bq1J85T0%252FGr4s%252BB86VHYgN6SRvhLmzOcB00rdDm8LgOVzwOr4Sqjj%252BWE6rWUdQHPhGLOrSKbw%252BBfiUnKkBMwKKd6qodz1UFyx9lU0UfijXMHBgf%252FgeInjGIgfItfaKhUIw23aK7OdJ5HxYtweu17egjj7vK3mWCO3Nc1J66a2O8WFkGCEfAkTpxaUi8TKXNTs67IFawRgaGGHqU5g07zhR1BUNBa8cNivITJ%252BINOxv8sUxPfdrYpmvb%252FcpYRtu3mTJi%252FhO8Er5lE5%252FCDkNczC99nAOcrSWc4JEkaMq%252FyA7XJ7G%252BXV7vvckuUQXgFK9NDv2Tf7%252BrwQegm8pk%252FK8uE3iifUvXdWnuXj8sw46p0aL9pwSUpE2W5Xj%252BS5uvCfnOksbpNV%252FU2JvD%252BVmLxLgDuXe%252FlRuw7UZAhngmJJMHOR8YLZ%252BSA7oedUZt4ik7KTYqOZ0e78fJwhFwKU%252BF4ebfH%252FcH846TqR7kuPHKx1%252Fe9ahdsHftJgm4fKmN0QPzeukm88jp15GfJQzvqekZ8BQHxutSh9a8rqmOm9iZjM0mpKEJXnSm1D%252FlTMw6EW6Zugxz9zCpoUVq5hfdnXRuWzF0mtYAQ3lljwvoNiDLlND6BA%253D%253D/ASIAJ2NI2TZSBGXMMX6A/rSEV7Kjaia%252BMXaEb8s1QFvSXdjQ%253D/09+-+Faxing+Berlin.mp3? HTTP/1.1
User-Agent: Amazon MP3 Downloader (Clamz 0.5)
Host: amdrewriter.amazon.com
Accept: */*

< HTTP/1.1 200 OK
< Date: Mon, 05 Mar 2012 00:56:38 GMT
< Server: AmazonS3
< x-amz-id-2: CpypLTC97AEp/kOW24ZarQ5ZppbibU9mDHSe/v8Qv8OxF2ovQf+U17/MT8oCrWVN
< x-amz-request-id: 5B948D0D51E057B6
< Content-Disposition: attachment; filename="09 - Faxing Berlin.mp3"
< Expires: Mon, 05 Mar 2012 17:54:59 GMT
< Last-Modified: Sun, 04 Mar 2012 07:00:26 GMT
< ETag: "ff6625ef4a595b7c2c371f1fdd5e00e0"
< Accept-Ranges: bytes
< Content-Type: audio/mpeg
< Content-Length: 4832068
< 
* Connection #0 to host (nil) left intact
* Re-using existing connection! (#0) with host (nil)
* Connected to (nil) (72.21.203.204) port 80 (#0)
> GET /zcd-01.s3-external-1.amazonaws.com/A2Y1DD0LUGFAML%252FXR4tJbM%252Fknp30lALVCx8YBdy%252B4AiiXCBFhkYigRQKVTC4Zv2CNisydzemMYffFhn%252FJJ%252BeBLHUI2w%250ANR4%252FKrwHD%252FKYb%252FlVNc%252B7VWK2I8Gbgfk46GmpD7%252BOlqlpBpOgG0riB9pgZt80%252BGMFbtwGFMOjt3R1%250AMF9RDr%252BCfsxxMRK8VeoqHhG5fP5DsOsAPLi4RSdhWkf4x38ga1b94kL4lJ4gbvJNwESLe7hqaDxv%250AkHUnL%252F3NmRgaULfCHHgdPkoGOKN3r8A94upmJfFH6gWOwiJR9v8Rkt71rhL6YAriYV%252BrXqN5Lq9n%250AK8M412MYrtJFKjVf/1330970099/Mon%252C%252005%2520Mar%25202012%252017%253A54%253A59%2520GMT/attachment%253B%2520filename%253D%252208%2520-%2520Faxing%2520Berlin%2520%2528Piano%2520Acoustic%2520Version%2529.mp3%2522/AQoDYXdzEDoasAT7JNgpryetQD7CyTvvIFZQZj4M8BGEqpFyWD5wytT%252BpNf0ThgSLT%252Bk5I7Omsq4T63S9EaY0pmottIQR0ZQ3yuRnhRD5sdeRkI9FTOKxNQYRc6NQTeQ1FT7t9XHlaIvmxmV1gGixGfq8Bq1J85T0%252FGr4s%252BB86VHYgN6SRvhLmzOcB00rdDm8LgOVzwOr4Sqjj%252BWE6rWUdQHPhGLOrSKbw%252BBfiUnKkBMwKKd6qodz1UFyx9lU0UfijXMHBgf%252FgeInjGIgfItfaKhUIw23aK7OdJ5HxYtweu17egjj7vK3mWCO3Nc1J66a2O8WFkGCEfAkTpxaUi8TKXNTs67IFawRgaGGHqU5g07zhR1BUNBa8cNivITJ%252BINOxv8sUxPfdrYpmvb%252FcpYRtu3mTJi%252FhO8Er5lE5%252FCDkNczC99nAOcrSWc4JEkaMq%252FyA7XJ7G%252BXV7vvckuUQXgFK9NDv2Tf7%252BrwQegm8pk%252FK8uE3iifUvXdWnuXj8sw46p0aL9pwSUpE2W5Xj%252BS5uvCfnOksbpNV%252FU2JvD%252BVmLxLgDuXe%252FlRuw7UZAhngmJJMHOR8YLZ%252BSA7oedUZt4ik7KTYqOZ0e78fJwhFwKU%252BF4ebfH%252FcH846TqR7kuPHKx1%252Fe9ahdsHftJgm4fKmN0QPzeukm88jp15GfJQzvqekZ8BQHxutSh9a8rqmOm9iZjM0mpKEJXnSm1D%252FlTMw6EW6Zugxz9zCpoUVq5hfdnXRuWzF0mtYAQ3lljwvoNiDLlND6BA%253D%253D/ASIAJ2NI2TZSBGXMMX6A/15ov2PH5Xi9lm%252F3iwYFKFZR27M0%253D/08+-+Faxing+Berlin+(Piano+Acoustic+Version).mp3? HTTP/1.1
User-Agent: Amazon MP3 Downloader (Clamz 0.5)
Host: amdrewriter.amazon.com
Accept: */*

< HTTP/1.1 200 OK
< Date: Mon, 05 Mar 2012 00:56:43 GMT
< Server: AmazonS3
< x-amz-id-2: 1MnaQL9+1Bb8aacFqKKob6QfN6JtCt1fXbCICvWpkHs3XDJNhXw9/EfhPZV3vEsc
< x-amz-request-id: 42D314A11F8C8725
< Content-Disposition: attachment; filename="08 - Faxing Berlin (Piano Acoustic Version).mp3"
< Expires: Mon, 05 Mar 2012 17:54:59 GMT
< Last-Modified: Sun, 04 Mar 2012 07:00:28 GMT
< ETag: "db492a445cd3555d88fab82818ac730f"
< Accept-Ranges: bytes
< Content-Type: audio/mpeg
< Content-Length: 3392666
< 
* Connection #0 to host (nil) left intact
* Re-using existing connection! (#0) with host (nil)
* Connected to (nil) (72.21.203.204) port 80 (#0)
> GET /zcd-01.s3-external-1.amazonaws.com/A2Y1DD0LUGFAML%252FXR4tJbM%252Fknp30lALVCx8YBdy%252B4AiiXCBFhkYigRQKVTC4Zv2CNisydzemMYffFhn%252FJJ%252BeBLHUI2w%250ANR4%252FKrwHD6VjZ4ypmE2iyweZLgkjvfVOcVqzo8UP%252B60pxRTGN45sMcJLojZInO4%252BoEdmxzCuZ%252Bdq%250AYmAuSLM%252BOWV%252BXWQt6GpAO%252BBvPLQnuu1cOOAZdd7k9OXAT7NT%252BcmG13zRbRy3ano1dUFMNtCQT1J8%250AVQ8IRCkVTqOgufgH8Ok8jcFgDVhpNEuJD%252BEqmbm8CADUpJPHdmPui777vKqbkRSUl0xMmOdIYqIQ%250AE%252Bj3vkFYT0q7DXc2/1330970099/Mon%252C%252005%2520Mar%25202012%252017%253A54%253A59%2520GMT/attachment%253B%2520filename%253D%252207%2520-%2520I%2520Remember.mp3%2522/AQoDYXdzEDoasAT7JNgpryetQD7CyTvvIFZQZj4M8BGEqpFyWD5wytT%252BpNf0ThgSLT%252Bk5I7Omsq4T63S9EaY0pmottIQR0ZQ3yuRnhRD5sdeRkI9FTOKxNQYRc6NQTeQ1FT7t9XHlaIvmxmV1gGixGfq8Bq1J85T0%252FGr4s%252BB86VHYgN6SRvhLmzOcB00rdDm8LgOVzwOr4Sqjj%252BWE6rWUdQHPhGLOrSKbw%252BBfiUnKkBMwKKd6qodz1UFyx9lU0UfijXMHBgf%252FgeInjGIgfItfaKhUIw23aK7OdJ5HxYtweu17egjj7vK3mWCO3Nc1J66a2O8WFkGCEfAkTpxaUi8TKXNTs67IFawRgaGGHqU5g07zhR1BUNBa8cNivITJ%252BINOxv8sUxPfdrYpmvb%252FcpYRtu3mTJi%252FhO8Er5lE5%252FCDkNczC99nAOcrSWc4JEkaMq%252FyA7XJ7G%252BXV7vvckuUQXgFK9NDv2Tf7%252BrwQegm8pk%252FK8uE3iifUvXdWnuXj8sw46p0aL9pwSUpE2W5Xj%252BS5uvCfnOksbpNV%252FU2JvD%252BVmLxLgDuXe%252FlRuw7UZAhngmJJMHOR8YLZ%252BSA7oedUZt4ik7KTYqOZ0e78fJwhFwKU%252BF4ebfH%252FcH846TqR7kuPHKx1%252Fe9ahdsHftJgm4fKmN0QPzeukm88jp15GfJQzvqekZ8BQHxutSh9a8rqmOm9iZjM0mpKEJXnSm1D%252FlTMw6EW6Zugxz9zCpoUVq5hfdnXRuWzF0mtYAQ3lljwvoNiDLlND6BA%253D%253D/ASIAJ2NI2TZSBGXMMX6A/w00y5xA40DnxHMushvSp6hW1Pig%253D/07+-+I+Remember.mp3? HTTP/1.1
User-Agent: Amazon MP3 Downloader (Clamz 0.5)
Host: amdrewriter.amazon.com
Accept: */*

< HTTP/1.1 200 OK
< Date: Mon, 05 Mar 2012 00:56:46 GMT
< Server: AmazonS3
< x-amz-id-2: h0oslsyQGSdJbEdcfPT+FkulSOaV2zogdH1cXbAPYXUTYgq1MsEqu4LUG2WQeK82
< x-amz-request-id: 59BEA1D04E22AE18
< Content-Disposition: attachment; filename="07 - I Remember.mp3"
< Expires: Mon, 05 Mar 2012 17:54:59 GMT
< Last-Modified: Sun, 04 Mar 2012 07:00:26 GMT
< ETag: "e1a2a15dd5eb08acddf4aa36fee988ee"
< Accept-Ranges: bytes
< Content-Type: audio/mpeg
< Content-Length: 17552231
< 
* Connection #0 to host (nil) left intact
* Re-using existing connection! (#0) with host (nil)
* Connected to (nil) (72.21.203.204) port 80 (#0)
> GET /zcd-01.s3-external-1.amazonaws.com/A2Y1DD0LUGFAML%252FXR4tJbM%252Fknp30lALVCx8YBdy%252B4AiiXCBFhkYigRQKVTC4Zv2CNisydzemMYffFhn%252FJJ%252BeBLHUI2w%250ANR4%252FKrwHDx0K6zWO4usO8WI6rFztEi1cPe8Ekwx%252FeUBlOg7lsPEYNdrPP%252Byu9XVlvVyVVsIwqZzw%250AF3adJLMCfnpMYQ7TfvTSSFEJ9m%252F5tJvohihyOxhrjt7jpgDm4v%252BoYlUtBWis2Ag0v4LyRJXgljTQ%250AAmSWOQojIWxfGJ3M0%252FJl1FaduniJbcQN%252FazsAQFLXUG00WjndwT38LW1PRa3HA70zYZ%252FjOlEINO6%250A9zsYaWK9iBtGH%252FVY/1330970099/Mon%252C%252005%2520Mar%25202012%252017%253A54%253A59%2520GMT/attachment%253B%2520filename%253D%252210%2520-%2520Not%2520Exactly.mp3%2522/AQoDYXdzEDoasAT7JNgpryetQD7CyTvvIFZQZj4M8BGEqpFyWD5wytT%252BpNf0ThgSLT%252Bk5I7Omsq4T63S9EaY0pmottIQR0ZQ3yuRnhRD5sdeRkI9FTOKxNQYRc6NQTeQ1FT7t9XHlaIvmxmV1gGixGfq8Bq1J85T0%252FGr4s%252BB86VHYgN6SRvhLmzOcB00rdDm8LgOVzwOr4Sqjj%252BWE6rWUdQHPhGLOrSKbw%252BBfiUnKkBMwKKd6qodz1UFyx9lU0UfijXMHBgf%252FgeInjGIgfItfaKhUIw23aK7OdJ5HxYtweu17egjj7vK3mWCO3Nc1J66a2O8WFkGCEfAkTpxaUi8TKXNTs67IFawRgaGGHqU5g07zhR1BUNBa8cNivITJ%252BINOxv8sUxPfdrYpmvb%252FcpYRtu3mTJi%252FhO8Er5lE5%252FCDkNczC99nAOcrSWc4JEkaMq%252FyA7XJ7G%252BXV7vvckuUQXgFK9NDv2Tf7%252BrwQegm8pk%252FK8uE3iifUvXdWnuXj8sw46p0aL9pwSUpE2W5Xj%252BS5uvCfnOksbpNV%252FU2JvD%252BVmLxLgDuXe%252FlRuw7UZAhngmJJMHOR8YLZ%252BSA7oedUZt4ik7KTYqOZ0e78fJwhFwKU%252BF4ebfH%252FcH846TqR7kuPHKx1%252Fe9ahdsHftJgm4fKmN0QPzeukm88jp15GfJQzvqekZ8BQHxutSh9a8rqmOm9iZjM0mpKEJXnSm1D%252FlTMw6EW6Zugxz9zCpoUVq5hfdnXRuWzF0mtYAQ3lljwvoNiDLlND6BA%253D%253D/ASIAJ2NI2TZSBGXMMX6A/%252BW5Dmz178QpTDKNJlC48EQjOo2U%253D/10+-+Not+Exactly.mp3? HTTP/1.1
User-Agent: Amazon MP3 Downloader (Clamz 0.5)
Host: amdrewriter.amazon.com
Accept: */*

< HTTP/1.1 200 OK
< Date: Mon, 05 Mar 2012 00:57:04 GMT
< Server: AmazonS3
< x-amz-id-2: rPN/j3LKLLRs/E5Ogro9Ur+vKkuDYex1gLeFRfsjsI6TIJ0QuUNjdxEkFVEhPqqK
< x-amz-request-id: EF99A5437FD6FBFB
< Content-Disposition: attachment; filename="10 - Not Exactly.mp3"
< Expires: Mon, 05 Mar 2012 17:54:59 GMT
< Last-Modified: Sun, 04 Mar 2012 07:00:27 GMT
< ETag: "986cb40cd3662783ba2761fb60401b6a"
< Accept-Ranges: bytes
< Content-Type: audio/mpeg
< Content-Length: 15392252
< 
* Connection #0 to host (nil) left intact
* Re-using existing connection! (#0) with host (nil)
* Connected to (nil) (72.21.203.204) port 80 (#0)
> GET /zcd-01.s3-external-1.amazonaws.com/A2Y1DD0LUGFAML%252FXR4tJbM%252Fknp30lALVCx8YBdy%252B4AiiXCBFhkYigRQKVTC4Zv2CNisydzemMYffFhn%252FJJ%252BeBLHUI2w%250ANR4%252FKrwHD9f%252BtLcMKce2btbnfQmuLEbCXjWALwS9N56N%252FOXD6gXKBNyQUMBQQyFfdAZVUrT6O5Cz%250AeTo3VMNlYkoVkpazTsDXQPivfaGGh%252BQNEq2%252Fny7352qf94l6Hj4%252BRkzyeTdXwX0gIEGCmUSNvQIr%250ArrxikDIYVTmQYMnFqtwwkPiLtUKvaAlUf0CNr1UQ%252BQ7FmX2EbP5dauc1wfXx%252BnCLuI0bv%252FmYRoBg%250AslorpQT1UZYVcO93/1330970099/Mon%252C%252005%2520Mar%25202012%252017%253A54%253A59%2520GMT/attachment%253B%2520filename%253D%252203%2520-%2520Slip.mp3%2522/AQoDYXdzEDoasAT7JNgpryetQD7CyTvvIFZQZj4M8BGEqpFyWD5wytT%252BpNf0ThgSLT%252Bk5I7Omsq4T63S9EaY0pmottIQR0ZQ3yuRnhRD5sdeRkI9FTOKxNQYRc6NQTeQ1FT7t9XHlaIvmxmV1gGixGfq8Bq1J85T0%252FGr4s%252BB86VHYgN6SRvhLmzOcB00rdDm8LgOVzwOr4Sqjj%252BWE6rWUdQHPhGLOrSKbw%252BBfiUnKkBMwKKd6qodz1UFyx9lU0UfijXMHBgf%252FgeInjGIgfItfaKhUIw23aK7OdJ5HxYtweu17egjj7vK3mWCO3Nc1J66a2O8WFkGCEfAkTpxaUi8TKXNTs67IFawRgaGGHqU5g07zhR1BUNBa8cNivITJ%252BINOxv8sUxPfdrYpmvb%252FcpYRtu3mTJi%252FhO8Er5lE5%252FCDkNczC99nAOcrSWc4JEkaMq%252FyA7XJ7G%252BXV7vvckuUQXgFK9NDv2Tf7%252BrwQegm8pk%252FK8uE3iifUvXdWnuXj8sw46p0aL9pwSUpE2W5Xj%252BS5uvCfnOksbpNV%252FU2JvD%252BVmLxLgDuXe%252FlRuw7UZAhngmJJMHOR8YLZ%252BSA7oedUZt4ik7KTYqOZ0e78fJwhFwKU%252BF4ebfH%252FcH846TqR7kuPHKx1%252Fe9ahdsHftJgm4fKmN0QPzeukm88jp15GfJQzvqekZ8BQHxutSh9a8rqmOm9iZjM0mpKEJXnSm1D%252FlTMw6EW6Zugxz9zCpoUVq5hfdnXRuWzF0mtYAQ3lljwvoNiDLlND6BA%253D%253D/ASIAJ2NI2TZSBGXMMX6A/Sxf8%252FgRTuiBkJ9ADkM8jly%252FlheU%253D/03+-+Slip.mp3? HTTP/1.1
User-Agent: Amazon MP3 Downloader (Clamz 0.5)
Host: amdrewriter.amazon.com
Accept: */*

< HTTP/1.1 200 OK
< Date: Mon, 05 Mar 2012 00:57:24 GMT
< Server: AmazonS3
< x-amz-id-2: w4UHvwtKkG8oFM2mIzNK9A3DqJYv2zLxyeVnCQLM8SHubW4vNz+TwIVLmNV+hLAU
< x-amz-request-id: E1FD8D130795CD89
< Content-Disposition: attachment; filename="03 - Slip.mp3"
< Expires: Mon, 05 Mar 2012 17:54:59 GMT
< Last-Modified: Sun, 04 Mar 2012 07:00:27 GMT
< ETag: "3d4352c4573078a4e6fb98741e2d8bbd"
< Accept-Ranges: bytes
< Content-Type: audio/mpeg
< Content-Length: 13022378
< 
* Connection #0 to host (nil) left intact
* Re-using existing connection! (#0) with host (nil)
* Connected to (nil) (72.21.203.204) port 80 (#0)
> GET /zcd-01.s3-external-1.amazonaws.com/A2Y1DD0LUGFAML%252FXR4tJbM%252Fknp30lALVCx8YBdy%252B4AiiXCBFhkYigRQKVTC4Zv2CNisydzemMYffFhn%252FJJ%252BeBLHUI2w%250ANR4%252FKrwHD%252FSg7yM76hWJ2%252BtjMexELeA0rlEWIFqDRXrgD6G%252FMBhsCQ4B9GFxyGP%252BZ0zDeMVKB5u7%250AWtUj%252FITj1THDK1S1v%252FXqbK6br9DyRsZSVmpzauod8V%252FrnVuojvzq4q%252FNP%252FOtrgeBP02fX2uKYZ5Q%250A%252BTtyosTlzGEtqICaFIobKbsJ4eOibVFSA0YZgHLrEunHOIqWuNFEJGsh6KYruXPzzCD06EB5eYj1%250A2QtcYn4nPPnQq%252FAU/1330970099/Mon%252C%252005%2520Mar%25202012%252017%253A54%253A59%2520GMT/attachment%253B%2520filename%253D%252212%2520-%2520So%2520There%2520I%2520Was.mp3%2522/AQoDYXdzEDoasAT7JNgpryetQD7CyTvvIFZQZj4M8BGEqpFyWD5wytT%252BpNf0ThgSLT%252Bk5I7Omsq4T63S9EaY0pmottIQR0ZQ3yuRnhRD5sdeRkI9FTOKxNQYRc6NQTeQ1FT7t9XHlaIvmxmV1gGixGfq8Bq1J85T0%252FGr4s%252BB86VHYgN6SRvhLmzOcB00rdDm8LgOVzwOr4Sqjj%252BWE6rWUdQHPhGLOrSKbw%252BBfiUnKkBMwKKd6qodz1UFyx9lU0UfijXMHBgf%252FgeInjGIgfItfaKhUIw23aK7OdJ5HxYtweu17egjj7vK3mWCO3Nc1J66a2O8WFkGCEfAkTpxaUi8TKXNTs67IFawRgaGGHqU5g07zhR1BUNBa8cNivITJ%252BINOxv8sUxPfdrYpmvb%252FcpYRtu3mTJi%252FhO8Er5lE5%252FCDkNczC99nAOcrSWc4JEkaMq%252FyA7XJ7G%252BXV7vvckuUQXgFK9NDv2Tf7%252BrwQegm8pk%252FK8uE3iifUvXdWnuXj8sw46p0aL9pwSUpE2W5Xj%252BS5uvCfnOksbpNV%252FU2JvD%252BVmLxLgDuXe%252FlRuw7UZAhngmJJMHOR8YLZ%252BSA7oedUZt4ik7KTYqOZ0e78fJwhFwKU%252BF4ebfH%252FcH846TqR7kuPHKx1%252Fe9ahdsHftJgm4fKmN0QPzeukm88jp15GfJQzvqekZ8BQHxutSh9a8rqmOm9iZjM0mpKEJXnSm1D%252FlTMw6EW6Zugxz9zCpoUVq5hfdnXRuWzF0mtYAQ3lljwvoNiDLlND6BA%253D%253D/ASIAJ2NI2TZSBGXMMX6A/Cx2TGyi5iomB%252Bupn4djokMBh7C8%253D/12+-+So+There+I+Was.mp3? HTTP/1.1
User-Agent: Amazon MP3 Downloader (Clamz 0.5)
Host: amdrewriter.amazon.com
Accept: */*

< HTTP/1.1 200 OK
< Date: Mon, 05 Mar 2012 00:57:39 GMT
< Server: AmazonS3
< x-amz-id-2: Qk3rxf7PuESbr2o6mLzUargDA4Q5v3V4/9sOEtsbhLNIXKNsJCoDsl9rIKiF/ERk
< x-amz-request-id: 41705DB2B198DBED
< Content-Disposition: attachment; filename="12 - So There I Was.mp3"
< Expires: Mon, 05 Mar 2012 17:54:59 GMT
< Last-Modified: Sun, 04 Mar 2012 07:00:26 GMT
< ETag: "ba1fac878db7165da982da58a1a12a3f"
< Accept-Ranges: bytes
< Content-Type: audio/mpeg
< Content-Length: 13009025
< 
* Connection #0 to host (nil) left intact
* Re-using existing connection! (#0) with host (nil)
* Connected to (nil) (72.21.203.204) port 80 (#0)
> GET /zcd-01.s3-external-1.amazonaws.com/A2Y1DD0LUGFAML%252FXR4tJbM%252Fknp30lALVCx8YBdy%252B4AiiXCBFhkYigRQKVTC4Zv2CNisydzemMYffFhn%252FJJ%252BeBLHUI2w%250ANR4%252FKrwHD5S3YxjGK2FWZX8%252BMdzxIDoeUaRPyIq0s%252BpUyE2nfNZTfj6XFdX8V7pIxEqows3c4TzQ%250A5Dv26p%252FWKEjSRj5uzNI%252Fx4Y2eZB1gpScCAWQaWU39keMD%252FR%252BcqNk0SEWQTVvXAU9sG8SVGY4D9PK%250ACdRaWV%252BG8CO6cIJK7CKFPAPrsiq2XWRqlJB6MbkfT%252FiJMcYX0pjvok1LMGhyyfMQZ6dlfvCahm4t%250ALePJXcUOSIo%252FoW1q/1330970099/Mon%252C%252005%2520Mar%25202012%252017%253A54%253A59%2520GMT/attachment%253B%2520filename%253D%252204%2520-%2520Some%2520Kind%2520of%2520Blue.mp3%2522/AQoDYXdzEDoasAT7JNgpryetQD7CyTvvIFZQZj4M8BGEqpFyWD5wytT%252BpNf0ThgSLT%252Bk5I7Omsq4T63S9EaY0pmottIQR0ZQ3yuRnhRD5sdeRkI9FTOKxNQYRc6NQTeQ1FT7t9XHlaIvmxmV1gGixGfq8Bq1J85T0%252FGr4s%252BB86VHYgN6SRvhLmzOcB00rdDm8LgOVzwOr4Sqjj%252BWE6rWUdQHPhGLOrSKbw%252BBfiUnKkBMwKKd6qodz1UFyx9lU0UfijXMHBgf%252FgeInjGIgfItfaKhUIw23aK7OdJ5HxYtweu17egjj7vK3mWCO3Nc1J66a2O8WFkGCEfAkTpxaUi8TKXNTs67IFawRgaGGHqU5g07zhR1BUNBa8cNivITJ%252BINOxv8sUxPfdrYpmvb%252FcpYRtu3mTJi%252FhO8Er5lE5%252FCDkNczC99nAOcrSWc4JEkaMq%252FyA7XJ7G%252BXV7vvckuUQXgFK9NDv2Tf7%252BrwQegm8pk%252FK8uE3iifUvXdWnuXj8sw46p0aL9pwSUpE2W5Xj%252BS5uvCfnOksbpNV%252FU2JvD%252BVmLxLgDuXe%252FlRuw7UZAhngmJJMHOR8YLZ%252BSA7oedUZt4ik7KTYqOZ0e78fJwhFwKU%252BF4ebfH%252FcH846TqR7kuPHKx1%252Fe9ahdsHftJgm4fKmN0QPzeukm88jp15GfJQzvqekZ8BQHxutSh9a8rqmOm9iZjM0mpKEJXnSm1D%252FlTMw6EW6Zugxz9zCpoUVq5hfdnXRuWzF0mtYAQ3lljwvoNiDLlND6BA%253D%253D/ASIAJ2NI2TZSBGXMMX6A/us92jZngghoDHFNTUkaYCBlTznc%253D/04+-+Some+Kind+of+Blue.mp3? HTTP/1.1
User-Agent: Amazon MP3 Downloader (Clamz 0.5)
Host: amdrewriter.amazon.com
Accept: */*

< HTTP/1.1 200 OK
< Date: Mon, 05 Mar 2012 00:57:51 GMT
< Server: AmazonS3
< x-amz-id-2: BmkwEULAOLIk4IM1NHNCkb1OscU/UItos9OLTBtXVNcjhAhmWw5YKzYmh1V2LAJf
< x-amz-request-id: 72F8662512840E5D
< Content-Disposition: attachment; filename="04 - Some Kind of Blue.mp3"
< Expires: Mon, 05 Mar 2012 17:54:59 GMT
< Last-Modified: Sun, 04 Mar 2012 07:00:27 GMT
< ETag: "d1f00c1f79fe209236bba51022ef8d68"
< Accept-Ranges: bytes
< Content-Type: audio/mpeg
< Content-Length: 12512494
< 
* Connection #0 to host (nil) left intact
* Re-using existing connection! (#0) with host (nil)
* Connected to (nil) (72.21.203.204) port 80 (#0)
> GET /zcd-01.s3-external-1.amazonaws.com/A2Y1DD0LUGFAML%252FXR4tJbM%252Fknp30lALVCx8YBdy%252B4AiiXCBFhkYigRQKVTC4Zv2CNisydzemMYffFhn%252FJJ%252BeBLHUI2w%250ANR4%252FKrwHD7T25IRb%252F3h1GYQdVK2vXlOVOus%252BDLYu1t8FU%252B735L7I8A1ZRTjW1KpJ%252F9CQnGqSXK%252F2%250As89eCtOh29opW3Vl%252B5F9nDpojQ%252Bs8IoeE65pjx2ilttzICucx20nt806s2%252FSx4jHyRdnoxsOsnoL%250ACVkVVc0vtIGglelEqLatkX%252Bbh%252BM7sL6z9fW8sJxhLXqmCEL3RkQZskGy5NAIUj%252BRNOm9W%252FVJ5tOk%250ApIKg7QTI3DUImCei/1330970099/Mon%252C%252005%2520Mar%25202012%252017%253A54%253A59%2520GMT/attachment%253B%2520filename%253D%252201%2520-%2520Sometimes%2520Things%2520Get%252C%2520Whatever.mp3%2522/AQoDYXdzEDoasAT7JNgpryetQD7CyTvvIFZQZj4M8BGEqpFyWD5wytT%252BpNf0ThgSLT%252Bk5I7Omsq4T63S9EaY0pmottIQR0ZQ3yuRnhRD5sdeRkI9FTOKxNQYRc6NQTeQ1FT7t9XHlaIvmxmV1gGixGfq8Bq1J85T0%252FGr4s%252BB86VHYgN6SRvhLmzOcB00rdDm8LgOVzwOr4Sqjj%252BWE6rWUdQHPhGLOrSKbw%252BBfiUnKkBMwKKd6qodz1UFyx9lU0UfijXMHBgf%252FgeInjGIgfItfaKhUIw23aK7OdJ5HxYtweu17egjj7vK3mWCO3Nc1J66a2O8WFkGCEfAkTpxaUi8TKXNTs67IFawRgaGGHqU5g07zhR1BUNBa8cNivITJ%252BINOxv8sUxPfdrYpmvb%252FcpYRtu3mTJi%252FhO8Er5lE5%252FCDkNczC99nAOcrSWc4JEkaMq%252FyA7XJ7G%252BXV7vvckuUQXgFK9NDv2Tf7%252BrwQegm8pk%252FK8uE3iifUvXdWnuXj8sw46p0aL9pwSUpE2W5Xj%252BS5uvCfnOksbpNV%252FU2JvD%252BVmLxLgDuXe%252FlRuw7UZAhngmJJMHOR8YLZ%252BSA7oedUZt4ik7KTYqOZ0e78fJwhFwKU%252BF4ebfH%252FcH846TqR7kuPHKx1%252Fe9ahdsHftJgm4fKmN0QPzeukm88jp15GfJQzvqekZ8BQHxutSh9a8rqmOm9iZjM0mpKEJXnSm1D%252FlTMw6EW6Zugxz9zCpoUVq5hfdnXRuWzF0mtYAQ3lljwvoNiDLlND6BA%253D%253D/ASIAJ2NI2TZSBGXMMX6A/tsT8Ie%252FxSA5di%252Bh7P4rfWC9y5ZM%253D/01+-+Sometimes+Things+Get,+Whatever.mp3? HTTP/1.1
User-Agent: Amazon MP3 Downloader (Clamz 0.5)
Host: amdrewriter.amazon.com
Accept: */*

< HTTP/1.1 200 OK
< Date: Mon, 05 Mar 2012 00:58:06 GMT
< Server: AmazonS3
< x-amz-id-2: 259vpxzz44rMtHSn/oNqtDF2KhDWab29wVtjh7t73YFIoinWYkmFeju5IbxIO6jY
< x-amz-request-id: D2765ED605083A80
< Content-Disposition: attachment; filename="01 - Sometimes Things Get, Whatever.mp3"
< Expires: Mon, 05 Mar 2012 17:54:59 GMT
< Last-Modified: Sun, 04 Mar 2012 07:00:27 GMT
< ETag: "e4f12291cf31130f7c4413342d7dd59f"
< Accept-Ranges: bytes
< Content-Type: audio/mpeg
< Content-Length: 13919370
< 
* Connection #0 to host (nil) left intact
